# JRE version: OpenJDK Runtime Environment (11.0.13+8) (build 11.0.13+8-Ubuntu-0ubuntu1.20.04)
# Java VM: OpenJDK 64-Bit Server VM (11.0.13+8-Ubuntu-0ubuntu1.20.04, mixed mode, sharing, tiered, compressed oops, g1 gc, linux-amd64)
Heap:
 garbage-first heap   total 92160K, used 62033K [0x00000000c5a00000, 0x0000000100000000)
  region size 1024K, 37 young (37888K), 4 survivors (4096K)
 Metaspace       used 66870K, capacity 68645K, committed 69104K, reserved 1110016K
  class space    used 8543K, capacity 9246K, committed 9368K, reserved 1048576K
GC Heap History (20 events):
Event: 15,972 GC heap before
{Heap before GC invocations=14 (full 0):
 garbage-first heap   total 92160K, used 33733K [0x00000000c5a00000, 0x0000000100000000)
  region size 1024K, 20 young (20480K), 3 survivors (3072K)
 Metaspace       used 34332K, capacity 35508K, committed 35708K, reserved 1081344K
  class space    used 4293K, capacity 4766K, committed 4812K, reserved 1048576K
}
Event: 15,982 GC heap after
{Heap after GC invocations=15 (full 0):
 garbage-first heap   total 92160K, used 17681K [0x00000000c5a00000, 0x0000000100000000)
  region size 1024K, 4 young (4096K), 4 survivors (4096K)
 Metaspace       used 34332K, capacity 35508K, committed 35708K, reserved 1081344K
  class space    used 4293K, capacity 4766K, committed 4812K, reserved 1048576K
}
Event: 20,184 GC heap before
{Heap before GC invocations=16 (full 0):
 garbage-first heap   total 92160K, used 58641K [0x00000000c5a00000, 0x0000000100000000)
  region size 1024K, 44 young (45056K), 4 survivors (4096K)
 Metaspace       used 38693K, capacity 39885K, committed 40188K, reserved 1083392K
  class space    used 4865K, capacity 5325K, committed 5452K, reserved 1048576K
}
Event: 20,200 GC heap after
{Heap after GC invocations=17 (full 0):
 garbage-first heap   total 92160K, used 19879K [0x00000000c5a00000, 0x0000000100000000)
  region size 1024K, 6 young (6144K), 6 survivors (6144K)
 Metaspace       used 38693K, capacity 39885K, committed 40188K, reserved 1083392K
  class space    used 4865K, capacity 5325K, committed 5452K, reserved 1048576K
}
Event: 25,026 GC heap before
{Heap before GC invocations=17 (full 0):
 garbage-first heap   total 92160K, used 61863K [0x00000000c5a00000, 0x0000000100000000)
  region size 1024K, 47 young (48128K), 6 survivors (6144K)
 Metaspace       used 43814K, capacity 45058K, committed 45436K, reserved 1089536K
  class space    used 5495K, capacity 5999K, committed 6092K, reserved 1048576K
}
Event: 25,046 GC heap after
{Heap after GC invocations=18 (full 0):
 garbage-first heap   total 92160K, used 22121K [0x00000000c5a00000, 0x0000000100000000)
  region size 1024K, 5 young (5120K), 5 survivors (5120K)
 Metaspace       used 43814K, capacity 45058K, committed 45436K, reserved 1089536K
  class space    used 5495K, capacity 5999K, committed 6092K, reserved 1048576K
}
Event: 25,861 GC heap before
{Heap before GC invocations=18 (full 0):
 garbage-first heap   total 92160K, used 65129K [0x00000000c5a00000, 0x0000000100000000)
  region size 1024K, 47 young (48128K), 5 survivors (5120K)
 Metaspace       used 47890K, capacity 49190K, committed 49532K, reserved 1091584K
  class space    used 6026K, capacity 6523K, committed 6604K, reserved 1048576K
}
Event: 25,878 GC heap after
{Heap after GC invocations=19 (full 0):
 garbage-first heap   total 92160K, used 23356K [0x00000000c5a00000, 0x0000000100000000)
  region size 1024K, 4 young (4096K), 4 survivors (4096K)
 Metaspace       used 47890K, capacity 49190K, committed 49532K, reserved 1091584K
  class space    used 6026K, capacity 6523K, committed 6604K, reserved 1048576K
}
Event: 30,280 GC heap before
{Heap before GC invocations=19 (full 0):
 garbage-first heap   total 92160K, used 66364K [0x00000000c5a00000, 0x0000000100000000)
  region size 1024K, 46 young (47104K), 4 survivors (4096K)
 Metaspace       used 51664K, capacity 52904K, committed 53244K, reserved 1095680K
  class space    used 6640K, capacity 7119K, committed 7244K, reserved 1048576K
}
Event: 30,297 GC heap after
{Heap after GC invocations=20 (full 0):
 garbage-first heap   total 92160K, used 23559K [0x00000000c5a00000, 0x0000000100000000)
  region size 1024K, 4 young (4096K), 4 survivors (4096K)
 Metaspace       used 51664K, capacity 52904K, committed 53244K, reserved 1095680K
  class space    used 6640K, capacity 7119K, committed 7244K, reserved 1048576K
}
Event: 55,307 GC heap before
{Heap before GC invocations=20 (full 0):
 garbage-first heap   total 92160K, used 67591K [0x00000000c5a00000, 0x0000000100000000)
  region size 1024K, 47 young (48128K), 4 survivors (4096K)
 Metaspace       used 54681K, capacity 56169K, committed 56188K, reserved 1097728K
  class space    used 7028K, capacity 7626K, committed 7628K, reserved 1048576K
}
Event: 55,327 GC heap after
{Heap after GC invocations=21 (full 0):
 garbage-first heap   total 92160K, used 25223K [0x00000000c5a00000, 0x0000000100000000)
  region size 1024K, 4 young (4096K), 4 survivors (4096K)
 Metaspace       used 54681K, capacity 56169K, committed 56188K, reserved 1097728K
  class space    used 7028K, capacity 7626K, committed 7628K, reserved 1048576K
}
Event: 56,363 GC heap before
{Heap before GC invocations=21 (full 0):
 garbage-first heap   total 92160K, used 69255K [0x00000000c5a00000, 0x0000000100000000)
  region size 1024K, 47 young (48128K), 4 survivors (4096K)
 Metaspace       used 57222K, capacity 58789K, committed 58876K, reserved 1099776K
  class space    used 7350K, capacity 7961K, committed 8012K, reserved 1048576K
}
Event: 56,383 GC heap after
{Heap after GC invocations=22 (full 0):
 garbage-first heap   total 92160K, used 26765K [0x00000000c5a00000, 0x0000000100000000)
  region size 1024K, 4 young (4096K), 4 survivors (4096K)
 Metaspace       used 57222K, capacity 58789K, committed 58876K, reserved 1099776K
  class space    used 7350K, capacity 7961K, committed 8012K, reserved 1048576K
}
Event: 56,702 GC heap before
{Heap before GC invocations=22 (full 0):
 garbage-first heap   total 92160K, used 43149K [0x00000000c5a00000, 0x0000000100000000)
  region size 1024K, 21 young (21504K), 4 survivors (4096K)
 Metaspace       used 58269K, capacity 59819K, committed 59940K, reserved 1101824K
  class space    used 7499K, capacity 8113K, committed 8140K, reserved 1048576K
}
Event: 56,715 GC heap after
{Heap after GC invocations=23 (full 0):
 garbage-first heap   total 92160K, used 27294K [0x00000000c5a00000, 0x0000000100000000)
  region size 1024K, 4 young (4096K), 4 survivors (4096K)
 Metaspace       used 58269K, capacity 59819K, committed 59940K, reserved 1101824K
  class space    used 7499K, capacity 8113K, committed 8140K, reserved 1048576K
}
Event: 59,190 GC heap before
{Heap before GC invocations=24 (full 0):
 garbage-first heap   total 92160K, used 66206K [0x00000000c5a00000, 0x0000000100000000)
  region size 1024K, 42 young (43008K), 4 survivors (4096K)
 Metaspace       used 60118K, capacity 61812K, committed 62064K, reserved 1103872K
  class space    used 7776K, capacity 8427K, committed 8472K, reserved 1048576K
}
Event: 59,205 GC heap after
{Heap after GC invocations=25 (full 0):
 garbage-first heap   total 92160K, used 29310K [0x00000000c5a00000, 0x0000000100000000)
  region size 1024K, 4 young (4096K), 4 survivors (4096K)
 Metaspace       used 60118K, capacity 61812K, committed 62064K, reserved 1103872K
  class space    used 7776K, capacity 8427K, committed 8472K, reserved 1048576K
}
Event: 70,357 GC heap before
{Heap before GC invocations=25 (full 0):
 garbage-first heap   total 92160K, used 68222K [0x00000000c5a00000, 0x0000000100000000)
  region size 1024K, 42 young (43008K), 4 survivors (4096K)
 Metaspace       used 63991K, capacity 65762K, committed 65904K, reserved 1105920K
  class space    used 8228K, capacity 8929K, committed 8984K, reserved 1048576K
}
Event: 70,372 GC heap after
{Heap after GC invocations=26 (full 0):
 garbage-first heap   total 92160K, used 30289K [0x00000000c5a00000, 0x0000000100000000)
  region size 1024K, 4 young (4096K), 4 survivors (4096K)
 Metaspace       used 63991K, capacity 65762K, committed 65904K, reserved 1105920K
  class space    used 8228K, capacity 8929K, committed 8984K, reserved 1048576K
}

