# JRE version: OpenJDK Runtime Environment (11.0.13+8) (build 11.0.13+8-Ubuntu-0ubuntu1.20.04)
# Java VM: OpenJDK 64-Bit Server VM (11.0.13+8-Ubuntu-0ubuntu1.20.04, mixed mode, sharing, tiered, compressed oops, g1 gc, linux-amd64)
Heap:
 garbage-first heap   total 92160K, used 69241K [0x00000000c5a00000, 0x0000000100000000)
  region size 1024K, 46 young (47104K), 4 survivors (4096K)
 Metaspace       used 65238K, capacity 67062K, committed 67328K, reserved 1107968K
  class space    used 8371K, capacity 9090K, committed 9216K, reserved 1048576K
GC Heap History (20 events):
Event: 16,098 GC heap before
{Heap before GC invocations=14 (full 0):
 garbage-first heap   total 63488K, used 48707K [0x00000000c5a00000, 0x0000000100000000)
  region size 1024K, 36 young (36864K), 3 survivors (3072K)
 Metaspace       used 32523K, capacity 33666K, committed 33920K, reserved 1079296K
  class space    used 3972K, capacity 4432K, committed 4480K, reserved 1048576K
}
Event: 16,111 GC heap after
{Heap after GC invocations=15 (full 0):
 garbage-first heap   total 76800K, used 16727K [0x00000000c5a00000, 0x0000000100000000)
  region size 1024K, 4 young (4096K), 4 survivors (4096K)
 Metaspace       used 32523K, capacity 33666K, committed 33920K, reserved 1079296K
  class space    used 3972K, capacity 4432K, committed 4480K, reserved 1048576K
}
Event: 16,950 GC heap before
{Heap before GC invocations=15 (full 0):
 garbage-first heap   total 76800K, used 39255K [0x00000000c5a00000, 0x0000000100000000)
  region size 1024K, 27 young (27648K), 4 survivors (4096K)
 Metaspace       used 34504K, capacity 35666K, committed 35840K, reserved 1081344K
  class space    used 4325K, capacity 4799K, committed 4864K, reserved 1048576K
}
Event: 16,961 GC heap after
{Heap after GC invocations=16 (full 0):
 garbage-first heap   total 76800K, used 16913K [0x00000000c5a00000, 0x0000000100000000)
  region size 1024K, 2 young (2048K), 2 survivors (2048K)
 Metaspace       used 34504K, capacity 35666K, committed 35840K, reserved 1081344K
  class space    used 4325K, capacity 4799K, committed 4864K, reserved 1048576K
}
Event: 18,787 GC heap before
{Heap before GC invocations=17 (full 0):
 garbage-first heap   total 76800K, used 55825K [0x00000000c5a00000, 0x0000000100000000)
  region size 1024K, 40 young (40960K), 2 survivors (2048K)
 Metaspace       used 38601K, capacity 39755K, committed 39936K, reserved 1083392K
  class space    used 4857K, capacity 5326K, committed 5376K, reserved 1048576K
}
Event: 18,801 GC heap after
{Heap after GC invocations=18 (full 0):
 garbage-first heap   total 76800K, used 19248K [0x00000000c5a00000, 0x0000000100000000)
  region size 1024K, 5 young (5120K), 5 survivors (5120K)
 Metaspace       used 38601K, capacity 39755K, committed 39936K, reserved 1083392K
  class space    used 4857K, capacity 5326K, committed 5376K, reserved 1048576K
}
Event: 21,876 GC heap before
{Heap before GC invocations=18 (full 0):
 garbage-first heap   total 76800K, used 56112K [0x00000000c5a00000, 0x0000000100000000)
  region size 1024K, 42 young (43008K), 5 survivors (5120K)
 Metaspace       used 43539K, capacity 44820K, committed 45184K, reserved 1089536K
  class space    used 5472K, capacity 5966K, committed 6016K, reserved 1048576K
}
Event: 21,896 GC heap after
{Heap after GC invocations=19 (full 0):
 garbage-first heap   total 76800K, used 21411K [0x00000000c5a00000, 0x0000000100000000)
  region size 1024K, 5 young (5120K), 5 survivors (5120K)
 Metaspace       used 43539K, capacity 44820K, committed 45184K, reserved 1089536K
  class space    used 5472K, capacity 5966K, committed 6016K, reserved 1048576K
}
Event: 22,686 GC heap before
{Heap before GC invocations=19 (full 0):
 garbage-first heap   total 76800K, used 58275K [0x00000000c5a00000, 0x0000000100000000)
  region size 1024K, 42 young (43008K), 5 survivors (5120K)
 Metaspace       used 46716K, capacity 47992K, committed 48384K, reserved 1091584K
  class space    used 5869K, capacity 6360K, committed 6400K, reserved 1048576K
}
Event: 22,700 GC heap after
{Heap after GC invocations=20 (full 0):
 garbage-first heap   total 92160K, used 21933K [0x00000000c5a00000, 0x0000000100000000)
  region size 1024K, 3 young (3072K), 3 survivors (3072K)
 Metaspace       used 46716K, capacity 47992K, committed 48384K, reserved 1091584K
  class space    used 5869K, capacity 6360K, committed 6400K, reserved 1048576K
}
Event: 23,579 GC heap before
{Heap before GC invocations=20 (full 0):
 garbage-first heap   total 92160K, used 65965K [0x00000000c5a00000, 0x0000000100000000)
  region size 1024K, 46 young (47104K), 3 survivors (3072K)
 Metaspace       used 50862K, capacity 52154K, committed 52608K, reserved 1095680K
  class space    used 6521K, capacity 7020K, committed 7040K, reserved 1048576K
}
Event: 23,593 GC heap after
{Heap after GC invocations=21 (full 0):
 garbage-first heap   total 92160K, used 23064K [0x00000000c5a00000, 0x0000000100000000)
  region size 1024K, 4 young (4096K), 4 survivors (4096K)
 Metaspace       used 50862K, capacity 52154K, committed 52608K, reserved 1095680K
  class space    used 6521K, capacity 7020K, committed 7040K, reserved 1048576K
}
Event: 30,008 GC heap before
{Heap before GC invocations=21 (full 0):
 garbage-first heap   total 92160K, used 68120K [0x00000000c5a00000, 0x0000000100000000)
  region size 1024K, 48 young (49152K), 4 survivors (4096K)
 Metaspace       used 54376K, capacity 55847K, committed 56064K, reserved 1097728K
  class space    used 6974K, capacity 7564K, committed 7680K, reserved 1048576K
}
Event: 30,026 GC heap after
{Heap after GC invocations=22 (full 0):
 garbage-first heap   total 92160K, used 24452K [0x00000000c5a00000, 0x0000000100000000)
  region size 1024K, 4 young (4096K), 4 survivors (4096K)
 Metaspace       used 54376K, capacity 55847K, committed 56064K, reserved 1097728K
  class space    used 6974K, capacity 7564K, committed 7680K, reserved 1048576K
}
Event: 30,882 GC heap before
{Heap before GC invocations=22 (full 0):
 garbage-first heap   total 92160K, used 69508K [0x00000000c5a00000, 0x0000000100000000)
  region size 1024K, 48 young (49152K), 4 survivors (4096K)
 Metaspace       used 56871K, capacity 58438K, committed 58624K, reserved 1099776K
  class space    used 7295K, capacity 7891K, committed 7936K, reserved 1048576K
}
Event: 30,893 GC heap after
{Heap after GC invocations=23 (full 0):
 garbage-first heap   total 92160K, used 25854K [0x00000000c5a00000, 0x0000000100000000)
  region size 1024K, 4 young (4096K), 4 survivors (4096K)
 Metaspace       used 56871K, capacity 58438K, committed 58624K, reserved 1099776K
  class space    used 7295K, capacity 7891K, committed 7936K, reserved 1048576K
}
Event: 32,240 GC heap before
{Heap before GC invocations=23 (full 0):
 garbage-first heap   total 92160K, used 52478K [0x00000000c5a00000, 0x0000000100000000)
  region size 1024K, 31 young (31744K), 4 survivors (4096K)
 Metaspace       used 58512K, capacity 60058K, committed 60160K, reserved 1101824K
  class space    used 7524K, capacity 8152K, committed 8192K, reserved 1048576K
}
Event: 32,256 GC heap after
{Heap after GC invocations=24 (full 0):
 garbage-first heap   total 92160K, used 26611K [0x00000000c5a00000, 0x0000000100000000)
  region size 1024K, 4 young (4096K), 4 survivors (4096K)
 Metaspace       used 58512K, capacity 60058K, committed 60160K, reserved 1101824K
  class space    used 7524K, capacity 8152K, committed 8192K, reserved 1048576K
}
Event: 130,918 GC heap before
{Heap before GC invocations=25 (full 0):
 garbage-first heap   total 92160K, used 70643K [0x00000000c5a00000, 0x0000000100000000)
  region size 1024K, 47 young (48128K), 4 survivors (4096K)
 Metaspace       used 61048K, capacity 62729K, committed 62848K, reserved 1103872K
  class space    used 7874K, capacity 8522K, committed 8576K, reserved 1048576K
}
Event: 130,933 GC heap after
{Heap after GC invocations=26 (full 0):
 garbage-first heap   total 92160K, used 28281K [0x00000000c5a00000, 0x0000000100000000)
  region size 1024K, 4 young (4096K), 4 survivors (4096K)
 Metaspace       used 61048K, capacity 62729K, committed 62848K, reserved 1103872K
  class space    used 7874K, capacity 8522K, committed 8576K, reserved 1048576K
}

