# JRE version: OpenJDK Runtime Environment (11.0.13+8) (build 11.0.13+8-Ubuntu-0ubuntu1.20.04)
# Java VM: OpenJDK 64-Bit Server VM (11.0.13+8-Ubuntu-0ubuntu1.20.04, mixed mode, sharing, tiered, compressed oops, g1 gc, linux-amd64)
Heap:
 garbage-first heap   total 144384K, used 33851K [0x00000000c5a00000, 0x0000000100000000)
  region size 1024K, 13 young (13312K), 8 survivors (8192K)
 Metaspace       used 64341K, capacity 66113K, committed 66432K, reserved 1105920K
  class space    used 8282K, capacity 8965K, committed 9088K, reserved 1048576K
GC Heap History (20 events):
Event: 6,172 GC heap before
{Heap before GC invocations=11 (full 0):
 garbage-first heap   total 95232K, used 64649K [0x00000000c5a00000, 0x0000000100000000)
  region size 1024K, 55 young (56320K), 5 survivors (5120K)
 Metaspace       used 28511K, capacity 29580K, committed 29824K, reserved 1075200K
  class space    used 3458K, capacity 3882K, committed 3968K, reserved 1048576K
}
Event: 6,190 GC heap after
{Heap after GC invocations=12 (full 0):
 garbage-first heap   total 95232K, used 15786K [0x00000000c5a00000, 0x0000000100000000)
  region size 1024K, 6 young (6144K), 6 survivors (6144K)
 Metaspace       used 28511K, capacity 29580K, committed 29824K, reserved 1075200K
  class space    used 3458K, capacity 3882K, committed 3968K, reserved 1048576K
}
Event: 6,394 GC heap before
{Heap before GC invocations=12 (full 0):
 garbage-first heap   total 95232K, used 64938K [0x00000000c5a00000, 0x0000000100000000)
  region size 1024K, 55 young (56320K), 6 survivors (6144K)
 Metaspace       used 29400K, capacity 30509K, committed 30720K, reserved 1075200K
  class space    used 3556K, capacity 3979K, committed 4096K, reserved 1048576K
}
Event: 6,415 GC heap after
{Heap after GC invocations=13 (full 0):
 garbage-first heap   total 95232K, used 16654K [0x00000000c5a00000, 0x0000000100000000)
  region size 1024K, 4 young (4096K), 4 survivors (4096K)
 Metaspace       used 29400K, capacity 30509K, committed 30720K, reserved 1075200K
  class space    used 3556K, capacity 3979K, committed 4096K, reserved 1048576K
}
Event: 7,163 GC heap before
{Heap before GC invocations=13 (full 0):
 garbage-first heap   total 95232K, used 68878K [0x00000000c5a00000, 0x0000000100000000)
  region size 1024K, 55 young (56320K), 4 survivors (4096K)
 Metaspace       used 33349K, capacity 34537K, committed 34816K, reserved 1079296K
  class space    used 4130K, capacity 4593K, committed 4608K, reserved 1048576K
}
Event: 7,178 GC heap after
{Heap after GC invocations=14 (full 0):
 garbage-first heap   total 119808K, used 17166K [0x00000000c5a00000, 0x0000000100000000)
  region size 1024K, 4 young (4096K), 4 survivors (4096K)
 Metaspace       used 33349K, capacity 34537K, committed 34816K, reserved 1079296K
  class space    used 4130K, capacity 4593K, committed 4608K, reserved 1048576K
}
Event: 7,358 GC heap before
{Heap before GC invocations=14 (full 0):
 garbage-first heap   total 119808K, used 30478K [0x00000000c5a00000, 0x0000000100000000)
  region size 1024K, 18 young (18432K), 4 survivors (4096K)
 Metaspace       used 34541K, capacity 35703K, committed 35840K, reserved 1081344K
  class space    used 4346K, capacity 4831K, committed 4864K, reserved 1048576K
}
Event: 7,375 GC heap after
{Heap after GC invocations=15 (full 0):
 garbage-first heap   total 119808K, used 17545K [0x00000000c5a00000, 0x0000000100000000)
  region size 1024K, 5 young (5120K), 5 survivors (5120K)
 Metaspace       used 34541K, capacity 35703K, committed 35840K, reserved 1081344K
  class space    used 4346K, capacity 4831K, committed 4864K, reserved 1048576K
}
Event: 8,267 GC heap before
{Heap before GC invocations=16 (full 0):
 garbage-first heap   total 119808K, used 67721K [0x00000000c5a00000, 0x0000000100000000)
  region size 1024K, 54 young (55296K), 5 survivors (5120K)
 Metaspace       used 41533K, capacity 42777K, committed 43136K, reserved 1087488K
  class space    used 5234K, capacity 5733K, committed 5760K, reserved 1048576K
}
Event: 8,293 GC heap after
{Heap after GC invocations=17 (full 0):
 garbage-first heap   total 119808K, used 21259K [0x00000000c5a00000, 0x0000000100000000)
  region size 1024K, 6 young (6144K), 6 survivors (6144K)
 Metaspace       used 41533K, capacity 42777K, committed 43136K, reserved 1087488K
  class space    used 5234K, capacity 5733K, committed 5760K, reserved 1048576K
}
Event: 9,032 GC heap before
{Heap before GC invocations=17 (full 0):
 garbage-first heap   total 119808K, used 73483K [0x00000000c5a00000, 0x0000000100000000)
  region size 1024K, 57 young (58368K), 6 survivors (6144K)
 Metaspace       used 45881K, capacity 47110K, committed 47488K, reserved 1091584K
  class space    used 5771K, capacity 6259K, committed 6272K, reserved 1048576K
}
Event: 9,049 GC heap after
{Heap after GC invocations=18 (full 0):
 garbage-first heap   total 119808K, used 22177K [0x00000000c5a00000, 0x0000000100000000)
  region size 1024K, 5 young (5120K), 5 survivors (5120K)
 Metaspace       used 45881K, capacity 47110K, committed 47488K, reserved 1091584K
  class space    used 5771K, capacity 6259K, committed 6272K, reserved 1048576K
}
Event: 9,789 GC heap before
{Heap before GC invocations=18 (full 0):
 garbage-first heap   total 119808K, used 77473K [0x00000000c5a00000, 0x0000000100000000)
  region size 1024K, 59 young (60416K), 5 survivors (5120K)
 Metaspace       used 50688K, capacity 51932K, committed 52352K, reserved 1095680K
  class space    used 6500K, capacity 6987K, committed 7040K, reserved 1048576K
}
Event: 9,802 GC heap after
{Heap after GC invocations=19 (full 0):
 garbage-first heap   total 144384K, used 23399K [0x00000000c5a00000, 0x0000000100000000)
  region size 1024K, 3 young (3072K), 3 survivors (3072K)
 Metaspace       used 50688K, capacity 51932K, committed 52352K, reserved 1095680K
  class space    used 6500K, capacity 6987K, committed 7040K, reserved 1048576K
}
Event: 14,192 GC heap before
{Heap before GC invocations=19 (full 0):
 garbage-first heap   total 144384K, used 85863K [0x00000000c5a00000, 0x0000000100000000)
  region size 1024K, 64 young (65536K), 3 survivors (3072K)
 Metaspace       used 55357K, capacity 56884K, committed 57216K, reserved 1099776K
  class space    used 7114K, capacity 7716K, committed 7808K, reserved 1048576K
}
Event: 14,206 GC heap after
{Heap after GC invocations=20 (full 0):
 garbage-first heap   total 144384K, used 25338K [0x00000000c5a00000, 0x0000000100000000)
  region size 1024K, 5 young (5120K), 5 survivors (5120K)
 Metaspace       used 55357K, capacity 56884K, committed 57216K, reserved 1099776K
  class space    used 7114K, capacity 7716K, committed 7808K, reserved 1048576K
}
Event: 15,167 GC heap before
{Heap before GC invocations=20 (full 0):
 garbage-first heap   total 144384K, used 87802K [0x00000000c5a00000, 0x0000000100000000)
  region size 1024K, 67 young (68608K), 5 survivors (5120K)
 Metaspace       used 58463K, capacity 60008K, committed 60160K, reserved 1101824K
  class space    used 7519K, capacity 8132K, committed 8192K, reserved 1048576K
}
Event: 15,183 GC heap after
{Heap after GC invocations=21 (full 0):
 garbage-first heap   total 144384K, used 26958K [0x00000000c5a00000, 0x0000000100000000)
  region size 1024K, 6 young (6144K), 6 survivors (6144K)
 Metaspace       used 58463K, capacity 60008K, committed 60160K, reserved 1101824K
  class space    used 7519K, capacity 8132K, committed 8192K, reserved 1048576K
}
Event: 156,733 GC heap before
{Heap before GC invocations=22 (full 0):
 garbage-first heap   total 144384K, used 105806K [0x00000000c5a00000, 0x0000000100000000)
  region size 1024K, 83 young (84992K), 6 survivors (6144K)
 Metaspace       used 64055K, capacity 65845K, committed 66176K, reserved 1105920K
  class space    used 8265K, capacity 8962K, committed 9088K, reserved 1048576K
}
Event: 156,772 GC heap after
{Heap after GC invocations=23 (full 0):
 garbage-first heap   total 144384K, used 29755K [0x00000000c5a00000, 0x0000000100000000)
  region size 1024K, 8 young (8192K), 8 survivors (8192K)
 Metaspace       used 64055K, capacity 65845K, committed 66176K, reserved 1105920K
  class space    used 8265K, capacity 8962K, committed 9088K, reserved 1048576K
}

