# JRE version: OpenJDK Runtime Environment (11.0.13+8) (build 11.0.13+8-Ubuntu-0ubuntu1.20.04)
# Java VM: OpenJDK 64-Bit Server VM (11.0.13+8-Ubuntu-0ubuntu1.20.04, mixed mode, sharing, tiered, compressed oops, g1 gc, linux-amd64)
Heap:
 garbage-first heap   total 92160K, used 29331K [0x00000000c5a00000, 0x0000000100000000)
  region size 1024K, 10 young (10240K), 5 survivors (5120K)
 Metaspace       used 56196K, capacity 57749K, committed 58060K, reserved 1099776K
  class space    used 7228K, capacity 7839K, committed 7884K, reserved 1048576K
GC Heap History (20 events):
Event: 11,885 GC heap before
{Heap before GC invocations=10 (full 0):
 garbage-first heap   total 76800K, used 53983K [0x00000000c5a00000, 0x0000000100000000)
  region size 1024K, 44 young (45056K), 4 survivors (4096K)
 Metaspace       used 26413K, capacity 27433K, committed 27520K, reserved 1073152K
  class space    used 3233K, capacity 3643K, committed 3712K, reserved 1048576K
}
Event: 11,899 GC heap after
{Heap after GC invocations=11 (full 0):
 garbage-first heap   total 76800K, used 15129K [0x00000000c5a00000, 0x0000000100000000)
  region size 1024K, 5 young (5120K), 5 survivors (5120K)
 Metaspace       used 26413K, capacity 27433K, committed 27520K, reserved 1073152K
  class space    used 3233K, capacity 3643K, committed 3712K, reserved 1048576K
}
Event: 12,957 GC heap before
{Heap before GC invocations=11 (full 0):
 garbage-first heap   total 76800K, used 54041K [0x00000000c5a00000, 0x0000000100000000)
  region size 1024K, 44 young (45056K), 5 survivors (5120K)
 Metaspace       used 28877K, capacity 29901K, committed 30080K, reserved 1075200K
  class space    used 3482K, capacity 3888K, committed 3968K, reserved 1048576K
}
Event: 12,976 GC heap after
{Heap after GC invocations=12 (full 0):
 garbage-first heap   total 76800K, used 16112K [0x00000000c5a00000, 0x0000000100000000)
  region size 1024K, 5 young (5120K), 5 survivors (5120K)
 Metaspace       used 28877K, capacity 29901K, committed 30080K, reserved 1075200K
  class space    used 3482K, capacity 3888K, committed 3968K, reserved 1048576K
}
Event: 13,384 GC heap before
{Heap before GC invocations=12 (full 0):
 garbage-first heap   total 76800K, used 56048K [0x00000000c5a00000, 0x0000000100000000)
  region size 1024K, 45 young (46080K), 5 survivors (5120K)
 Metaspace       used 29740K, capacity 30811K, committed 30976K, reserved 1077248K
  class space    used 3606K, capacity 4019K, committed 4096K, reserved 1048576K
}
Event: 13,404 GC heap after
{Heap after GC invocations=13 (full 0):
 garbage-first heap   total 76800K, used 16541K [0x00000000c5a00000, 0x0000000100000000)
  region size 1024K, 2 young (2048K), 2 survivors (2048K)
 Metaspace       used 29740K, capacity 30811K, committed 30976K, reserved 1077248K
  class space    used 3606K, capacity 4019K, committed 4096K, reserved 1048576K
}
Event: 14,783 GC heap before
{Heap before GC invocations=13 (full 0):
 garbage-first heap   total 76800K, used 57501K [0x00000000c5a00000, 0x0000000100000000)
  region size 1024K, 42 young (43008K), 2 survivors (2048K)
 Metaspace       used 33128K, capacity 34293K, committed 34560K, reserved 1079296K
  class space    used 4075K, capacity 4560K, committed 4608K, reserved 1048576K
}
Event: 14,793 GC heap after
{Heap after GC invocations=14 (full 0):
 garbage-first heap   total 92160K, used 17181K [0x00000000c5a00000, 0x0000000100000000)
  region size 1024K, 3 young (3072K), 3 survivors (3072K)
 Metaspace       used 33128K, capacity 34293K, committed 34560K, reserved 1079296K
  class space    used 4075K, capacity 4560K, committed 4608K, reserved 1048576K
}
Event: 15,184 GC heap before
{Heap before GC invocations=14 (full 0):
 garbage-first heap   total 92160K, used 33565K [0x00000000c5a00000, 0x0000000100000000)
  region size 1024K, 20 young (20480K), 3 survivors (3072K)
 Metaspace       used 34591K, capacity 35747K, committed 35840K, reserved 1081344K
  class space    used 4351K, capacity 4830K, committed 4864K, reserved 1048576K
}
Event: 15,196 GC heap after
{Heap after GC invocations=15 (full 0):
 garbage-first heap   total 92160K, used 17453K [0x00000000c5a00000, 0x0000000100000000)
  region size 1024K, 3 young (3072K), 3 survivors (3072K)
 Metaspace       used 34591K, capacity 35747K, committed 35840K, reserved 1081344K
  class space    used 4351K, capacity 4830K, committed 4864K, reserved 1048576K
}
Event: 16,877 GC heap before
{Heap before GC invocations=16 (full 0):
 garbage-first heap   total 92160K, used 62509K [0x00000000c5a00000, 0x0000000100000000)
  region size 1024K, 47 young (48128K), 3 survivors (3072K)
 Metaspace       used 39344K, capacity 40587K, committed 40780K, reserved 1085440K
  class space    used 4931K, capacity 5435K, committed 5452K, reserved 1048576K
}
Event: 16,896 GC heap after
{Heap after GC invocations=17 (full 0):
 garbage-first heap   total 92160K, used 20827K [0x00000000c5a00000, 0x0000000100000000)
  region size 1024K, 6 young (6144K), 6 survivors (6144K)
 Metaspace       used 39344K, capacity 40587K, committed 40780K, reserved 1085440K
  class space    used 4931K, capacity 5435K, committed 5452K, reserved 1048576K
}
Event: 18,228 GC heap before
{Heap before GC invocations=18 (full 0):
 garbage-first heap   total 92160K, used 64859K [0x00000000c5a00000, 0x0000000100000000)
  region size 1024K, 50 young (51200K), 6 survivors (6144K)
 Metaspace       used 44528K, capacity 45783K, committed 46156K, reserved 1089536K
  class space    used 5610K, capacity 6097K, committed 6220K, reserved 1048576K
}
Event: 18,248 GC heap after
{Heap after GC invocations=19 (full 0):
 garbage-first heap   total 92160K, used 22679K [0x00000000c5a00000, 0x0000000100000000)
  region size 1024K, 6 young (6144K), 6 survivors (6144K)
 Metaspace       used 44528K, capacity 45783K, committed 46156K, reserved 1089536K
  class space    used 5610K, capacity 6097K, committed 6220K, reserved 1048576K
}
Event: 19,125 GC heap before
{Heap before GC invocations=19 (full 0):
 garbage-first heap   total 92160K, used 67735K [0x00000000c5a00000, 0x0000000100000000)
  region size 1024K, 50 young (51200K), 6 survivors (6144K)
 Metaspace       used 48733K, capacity 50011K, committed 50252K, reserved 1093632K
  class space    used 6217K, capacity 6716K, committed 6732K, reserved 1048576K
}
Event: 19,139 GC heap after
{Heap after GC invocations=20 (full 0):
 garbage-first heap   total 92160K, used 23123K [0x00000000c5a00000, 0x0000000100000000)
  region size 1024K, 3 young (3072K), 3 survivors (3072K)
 Metaspace       used 48733K, capacity 50011K, committed 50252K, reserved 1093632K
  class space    used 6217K, capacity 6716K, committed 6732K, reserved 1048576K
}
Event: 20,970 GC heap before
{Heap before GC invocations=20 (full 0):
 garbage-first heap   total 92160K, used 68179K [0x00000000c5a00000, 0x0000000100000000)
  region size 1024K, 47 young (48128K), 3 survivors (3072K)
 Metaspace       used 52311K, capacity 53680K, committed 54092K, reserved 1095680K
  class space    used 6709K, capacity 7231K, committed 7244K, reserved 1048576K
}
Event: 20,986 GC heap after
{Heap after GC invocations=21 (full 0):
 garbage-first heap   total 92160K, used 24132K [0x00000000c5a00000, 0x0000000100000000)
  region size 1024K, 4 young (4096K), 4 survivors (4096K)
 Metaspace       used 52311K, capacity 53680K, committed 54092K, reserved 1095680K
  class space    used 6709K, capacity 7231K, committed 7244K, reserved 1048576K
}
Event: 21,879 GC heap before
{Heap before GC invocations=21 (full 0):
 garbage-first heap   total 92160K, used 70212K [0x00000000c5a00000, 0x0000000100000000)
  region size 1024K, 49 young (50176K), 4 survivors (4096K)
 Metaspace       used 55945K, capacity 57500K, committed 57804K, reserved 1099776K
  class space    used 7192K, capacity 7799K, committed 7884K, reserved 1048576K
}
Event: 21,904 GC heap after
{Heap after GC invocations=22 (full 0):
 garbage-first heap   total 92160K, used 25235K [0x00000000c5a00000, 0x0000000100000000)
  region size 1024K, 5 young (5120K), 5 survivors (5120K)
 Metaspace       used 55945K, capacity 57500K, committed 57804K, reserved 1099776K
  class space    used 7192K, capacity 7799K, committed 7884K, reserved 1048576K
}

