# JRE version: OpenJDK Runtime Environment (11.0.13+8) (build 11.0.13+8-Ubuntu-0ubuntu1.20.04)
# Java VM: OpenJDK 64-Bit Server VM (11.0.13+8-Ubuntu-0ubuntu1.20.04, mixed mode, sharing, tiered, compressed oops, g1 gc, linux-amd64)
Heap:
 garbage-first heap   total 110592K, used 79083K [0x00000000c5a00000, 0x0000000100000000)
  region size 1024K, 57 young (58368K), 6 survivors (6144K)
 Metaspace       used 66483K, capacity 68270K, committed 68516K, reserved 1107968K
  class space    used 8494K, capacity 9197K, committed 9240K, reserved 1048576K
GC Heap History (20 events):
Event: 9,947 GC heap before
{Heap before GC invocations=11 (full 0):
 garbage-first heap   total 92160K, used 63308K [0x00000000c5a00000, 0x0000000100000000)
  region size 1024K, 54 young (55296K), 5 survivors (5120K)
 Metaspace       used 27177K, capacity 28191K, committed 28336K, reserved 1073152K
  class space    used 3324K, capacity 3746K, committed 3840K, reserved 1048576K
}
Event: 9,967 GC heap after
{Heap after GC invocations=12 (full 0):
 garbage-first heap   total 92160K, used 15175K [0x00000000c5a00000, 0x0000000100000000)
  region size 1024K, 6 young (6144K), 6 survivors (6144K)
 Metaspace       used 27177K, capacity 28191K, committed 28336K, reserved 1073152K
  class space    used 3324K, capacity 3746K, committed 3840K, reserved 1048576K
}
Event: 10,533 GC heap before
{Heap before GC invocations=12 (full 0):
 garbage-first heap   total 92160K, used 63303K [0x00000000c5a00000, 0x0000000100000000)
  region size 1024K, 54 young (55296K), 6 survivors (6144K)
 Metaspace       used 28896K, capacity 29899K, committed 30000K, reserved 1075200K
  class space    used 3482K, capacity 3888K, committed 3968K, reserved 1048576K
}
Event: 10,554 GC heap after
{Heap after GC invocations=13 (full 0):
 garbage-first heap   total 92160K, used 16189K [0x00000000c5a00000, 0x0000000100000000)
  region size 1024K, 5 young (5120K), 5 survivors (5120K)
 Metaspace       used 28896K, capacity 29899K, committed 30000K, reserved 1075200K
  class space    used 3482K, capacity 3888K, committed 3968K, reserved 1048576K
}
Event: 11,801 GC heap before
{Heap before GC invocations=13 (full 0):
 garbage-first heap   total 92160K, used 65341K [0x00000000c5a00000, 0x0000000100000000)
  region size 1024K, 54 young (55296K), 5 survivors (5120K)
 Metaspace       used 32063K, capacity 33210K, committed 33328K, reserved 1079296K
  class space    used 3893K, capacity 4368K, committed 4480K, reserved 1048576K
}
Event: 11,826 GC heap after
{Heap after GC invocations=14 (full 0):
 garbage-first heap   total 92160K, used 17408K [0x00000000c5a00000, 0x0000000100000000)
  region size 1024K, 5 young (5120K), 5 survivors (5120K)
 Metaspace       used 32063K, capacity 33210K, committed 33328K, reserved 1079296K
  class space    used 3893K, capacity 4368K, committed 4480K, reserved 1048576K
}
Event: 12,730 GC heap before
{Heap before GC invocations=14 (full 0):
 garbage-first heap   total 92160K, used 46080K [0x00000000c5a00000, 0x0000000100000000)
  region size 1024K, 34 young (34816K), 5 survivors (5120K)
 Metaspace       used 34507K, capacity 35658K, committed 35708K, reserved 1081344K
  class space    used 4320K, capacity 4799K, committed 4812K, reserved 1048576K
}
Event: 12,750 GC heap after
{Heap after GC invocations=15 (full 0):
 garbage-first heap   total 110592K, used 18176K [0x00000000c5a00000, 0x0000000100000000)
  region size 1024K, 3 young (3072K), 3 survivors (3072K)
 Metaspace       used 34507K, capacity 35658K, committed 35708K, reserved 1081344K
  class space    used 4320K, capacity 4799K, committed 4812K, reserved 1048576K
}
Event: 17,348 GC heap before
{Heap before GC invocations=16 (full 0):
 garbage-first heap   total 110592K, used 80640K [0x00000000c5a00000, 0x0000000100000000)
  region size 1024K, 64 young (65536K), 3 survivors (3072K)
 Metaspace       used 42430K, capacity 43705K, committed 43976K, reserved 1087488K
  class space    used 5334K, capacity 5832K, committed 5912K, reserved 1048576K
}
Event: 17,366 GC heap after
{Heap after GC invocations=17 (full 0):
 garbage-first heap   total 110592K, used 21439K [0x00000000c5a00000, 0x0000000100000000)
  region size 1024K, 6 young (6144K), 6 survivors (6144K)
 Metaspace       used 42430K, capacity 43705K, committed 43976K, reserved 1087488K
  class space    used 5334K, capacity 5832K, committed 5912K, reserved 1048576K
}
Event: 18,995 GC heap before
{Heap before GC invocations=17 (full 0):
 garbage-first heap   total 110592K, used 79807K [0x00000000c5a00000, 0x0000000100000000)
  region size 1024K, 64 young (65536K), 6 survivors (6144K)
 Metaspace       used 47740K, capacity 49014K, committed 49224K, reserved 1091584K
  class space    used 5985K, capacity 6490K, committed 6552K, reserved 1048576K
}
Event: 19,022 GC heap after
{Heap after GC invocations=18 (full 0):
 garbage-first heap   total 110592K, used 23218K [0x00000000c5a00000, 0x0000000100000000)
  region size 1024K, 6 young (6144K), 6 survivors (6144K)
 Metaspace       used 47740K, capacity 49014K, committed 49224K, reserved 1091584K
  class space    used 5985K, capacity 6490K, committed 6552K, reserved 1048576K
}
Event: 24,046 GC heap before
{Heap before GC invocations=18 (full 0):
 garbage-first heap   total 110592K, used 82610K [0x00000000c5a00000, 0x0000000100000000)
  region size 1024K, 64 young (65536K), 6 survivors (6144K)
 Metaspace       used 52467K, capacity 53789K, committed 54088K, reserved 1095680K
  class space    used 6722K, capacity 7267K, committed 7320K, reserved 1048576K
}
Event: 24,063 GC heap after
{Heap after GC invocations=19 (full 0):
 garbage-first heap   total 110592K, used 24432K [0x00000000c5a00000, 0x0000000100000000)
  region size 1024K, 3 young (3072K), 3 survivors (3072K)
 Metaspace       used 52467K, capacity 53789K, committed 54088K, reserved 1095680K
  class space    used 6722K, capacity 7267K, committed 7320K, reserved 1048576K
}
Event: 25,184 GC heap before
{Heap before GC invocations=19 (full 0):
 garbage-first heap   total 110592K, used 85872K [0x00000000c5a00000, 0x0000000100000000)
  region size 1024K, 63 young (64512K), 3 survivors (3072K)
 Metaspace       used 56503K, capacity 58069K, committed 58312K, reserved 1099776K
  class space    used 7241K, capacity 7856K, committed 7960K, reserved 1048576K
}
Event: 25,200 GC heap after
{Heap after GC invocations=20 (full 0):
 garbage-first heap   total 110592K, used 26469K [0x00000000c5a00000, 0x0000000100000000)
  region size 1024K, 5 young (5120K), 5 survivors (5120K)
 Metaspace       used 56503K, capacity 58069K, committed 58312K, reserved 1099776K
  class space    used 7241K, capacity 7856K, committed 7960K, reserved 1048576K
}
Event: 25,762 GC heap before
{Heap before GC invocations=20 (full 0):
 garbage-first heap   total 110592K, used 57189K [0x00000000c5a00000, 0x0000000100000000)
  region size 1024K, 36 young (36864K), 5 survivors (5120K)
 Metaspace       used 58370K, capacity 59874K, committed 60068K, reserved 1101824K
  class space    used 7506K, capacity 8115K, committed 8216K, reserved 1048576K
}
Event: 25,780 GC heap after
{Heap after GC invocations=21 (full 0):
 garbage-first heap   total 110592K, used 26859K [0x00000000c5a00000, 0x0000000100000000)
  region size 1024K, 4 young (4096K), 4 survivors (4096K)
 Metaspace       used 58370K, capacity 59874K, committed 60068K, reserved 1101824K
  class space    used 7506K, capacity 8115K, committed 8216K, reserved 1048576K
}
Event: 95,270 GC heap before
{Heap before GC invocations=22 (full 0):
 garbage-first heap   total 110592K, used 81131K [0x00000000c5a00000, 0x0000000100000000)
  region size 1024K, 57 young (58368K), 4 survivors (4096K)
 Metaspace       used 61800K, capacity 63553K, committed 63908K, reserved 1103872K
  class space    used 7951K, capacity 8652K, committed 8728K, reserved 1048576K
}
Event: 95,320 GC heap after
{Heap after GC invocations=23 (full 0):
 garbage-first heap   total 110592K, used 28907K [0x00000000c5a00000, 0x0000000100000000)
  region size 1024K, 6 young (6144K), 6 survivors (6144K)
 Metaspace       used 61800K, capacity 63553K, committed 63908K, reserved 1103872K
  class space    used 7951K, capacity 8652K, committed 8728K, reserved 1048576K
}

