# JRE version: OpenJDK Runtime Environment (11.0.13+8) (build 11.0.13+8-Ubuntu-0ubuntu1.20.04)
# Java VM: OpenJDK 64-Bit Server VM (11.0.13+8-Ubuntu-0ubuntu1.20.04, mixed mode, sharing, tiered, compressed oops, g1 gc, linux-amd64)
Heap:
 garbage-first heap   total 92160K, used 62773K [0x00000000c5a00000, 0x0000000100000000)
  region size 1024K, 38 young (38912K), 5 survivors (5120K)
 Metaspace       used 67041K, capacity 68825K, committed 68992K, reserved 1110016K
  class space    used 8552K, capacity 9247K, committed 9344K, reserved 1048576K
GC Heap History (20 events):
Event: 17,555 GC heap before
{Heap before GC invocations=15 (full 0):
 garbage-first heap   total 76800K, used 53949K [0x00000000c5a00000, 0x0000000100000000)
  region size 1024K, 40 young (40960K), 4 survivors (4096K)
 Metaspace       used 33202K, capacity 34376K, committed 34560K, reserved 1079296K
  class space    used 4091K, capacity 4561K, committed 4608K, reserved 1048576K
}
Event: 17,571 GC heap after
{Heap after GC invocations=16 (full 0):
 garbage-first heap   total 92160K, used 17714K [0x00000000c5a00000, 0x0000000100000000)
  region size 1024K, 3 young (3072K), 3 survivors (3072K)
 Metaspace       used 33202K, capacity 34376K, committed 34560K, reserved 1079296K
  class space    used 4091K, capacity 4561K, committed 4608K, reserved 1048576K
}
Event: 18,423 GC heap before
{Heap before GC invocations=16 (full 0):
 garbage-first heap   total 92160K, used 32050K [0x00000000c5a00000, 0x0000000100000000)
  region size 1024K, 18 young (18432K), 3 survivors (3072K)
 Metaspace       used 34402K, capacity 35574K, committed 35840K, reserved 1081344K
  class space    used 4298K, capacity 4767K, committed 4864K, reserved 1048576K
}
Event: 18,432 GC heap after
{Heap after GC invocations=17 (full 0):
 garbage-first heap   total 92160K, used 17880K [0x00000000c5a00000, 0x0000000100000000)
  region size 1024K, 3 young (3072K), 3 survivors (3072K)
 Metaspace       used 34402K, capacity 35574K, committed 35840K, reserved 1081344K
  class space    used 4298K, capacity 4767K, committed 4864K, reserved 1048576K
}
Event: 21,041 GC heap before
{Heap before GC invocations=18 (full 0):
 garbage-first heap   total 92160K, used 64984K [0x00000000c5a00000, 0x0000000100000000)
  region size 1024K, 49 young (50176K), 3 survivors (3072K)
 Metaspace       used 40045K, capacity 41246K, committed 41600K, reserved 1085440K
  class space    used 5015K, capacity 5500K, committed 5504K, reserved 1048576K
}
Event: 21,058 GC heap after
{Heap after GC invocations=19 (full 0):
 garbage-first heap   total 92160K, used 21175K [0x00000000c5a00000, 0x0000000100000000)
  region size 1024K, 6 young (6144K), 6 survivors (6144K)
 Metaspace       used 40045K, capacity 41246K, committed 41600K, reserved 1085440K
  class space    used 5015K, capacity 5500K, committed 5504K, reserved 1048576K
}
Event: 23,067 GC heap before
{Heap before GC invocations=19 (full 0):
 garbage-first heap   total 92160K, used 68279K [0x00000000c5a00000, 0x0000000100000000)
  region size 1024K, 53 young (54272K), 6 survivors (6144K)
 Metaspace       used 44962K, capacity 46186K, committed 46720K, reserved 1089536K
  class space    used 5668K, capacity 6162K, committed 6272K, reserved 1048576K
}
Event: 23,086 GC heap after
{Heap after GC invocations=20 (full 0):
 garbage-first heap   total 92160K, used 22743K [0x00000000c5a00000, 0x0000000100000000)
  region size 1024K, 5 young (5120K), 5 survivors (5120K)
 Metaspace       used 44962K, capacity 46186K, committed 46720K, reserved 1089536K
  class space    used 5668K, capacity 6162K, committed 6272K, reserved 1048576K
}
Event: 24,007 GC heap before
{Heap before GC invocations=20 (full 0):
 garbage-first heap   total 92160K, used 70871K [0x00000000c5a00000, 0x0000000100000000)
  region size 1024K, 52 young (53248K), 5 survivors (5120K)
 Metaspace       used 49497K, capacity 50717K, committed 51200K, reserved 1093632K
  class space    used 6332K, capacity 6817K, committed 6912K, reserved 1048576K
}
Event: 24,022 GC heap after
{Heap after GC invocations=21 (full 0):
 garbage-first heap   total 92160K, used 23309K [0x00000000c5a00000, 0x0000000100000000)
  region size 1024K, 3 young (3072K), 3 survivors (3072K)
 Metaspace       used 49497K, capacity 50717K, committed 51200K, reserved 1093632K
  class space    used 6332K, capacity 6817K, committed 6912K, reserved 1048576K
}
Event: 35,787 GC heap before
{Heap before GC invocations=21 (full 0):
 garbage-first heap   total 92160K, used 70413K [0x00000000c5a00000, 0x0000000100000000)
  region size 1024K, 50 young (51200K), 3 survivors (3072K)
 Metaspace       used 53443K, capacity 54810K, committed 55296K, reserved 1097728K
  class space    used 6829K, capacity 7369K, committed 7424K, reserved 1048576K
}
Event: 35,804 GC heap after
{Heap after GC invocations=22 (full 0):
 garbage-first heap   total 92160K, used 24713K [0x00000000c5a00000, 0x0000000100000000)
  region size 1024K, 4 young (4096K), 4 survivors (4096K)
 Metaspace       used 53443K, capacity 54810K, committed 55296K, reserved 1097728K
  class space    used 6829K, capacity 7369K, committed 7424K, reserved 1048576K
}
Event: 39,680 GC heap before
{Heap before GC invocations=22 (full 0):
 garbage-first heap   total 92160K, used 72841K [0x00000000c5a00000, 0x0000000100000000)
  region size 1024K, 51 young (52224K), 4 survivors (4096K)
 Metaspace       used 56439K, capacity 58008K, committed 58368K, reserved 1099776K
  class space    used 7242K, capacity 7853K, committed 7936K, reserved 1048576K
}
Event: 39,695 GC heap after
{Heap after GC invocations=23 (full 0):
 garbage-first heap   total 92160K, used 26276K [0x00000000c5a00000, 0x0000000100000000)
  region size 1024K, 6 young (6144K), 6 survivors (6144K)
 Metaspace       used 56439K, capacity 58008K, committed 58368K, reserved 1099776K
  class space    used 7242K, capacity 7853K, committed 7936K, reserved 1048576K
}
Event: 42,616 GC heap before
{Heap before GC invocations=23 (full 0):
 garbage-first heap   total 92160K, used 62116K [0x00000000c5a00000, 0x0000000100000000)
  region size 1024K, 42 young (43008K), 6 survivors (6144K)
 Metaspace       used 58533K, capacity 60068K, committed 60160K, reserved 1101824K
  class space    used 7533K, capacity 8154K, committed 8192K, reserved 1048576K
}
Event: 42,631 GC heap after
{Heap after GC invocations=24 (full 0):
 garbage-first heap   total 92160K, used 27229K [0x00000000c5a00000, 0x0000000100000000)
  region size 1024K, 5 young (5120K), 5 survivors (5120K)
 Metaspace       used 58533K, capacity 60068K, committed 60160K, reserved 1101824K
  class space    used 7533K, capacity 8154K, committed 8192K, reserved 1048576K
}
Event: 155,090 GC heap before
{Heap before GC invocations=25 (full 0):
 garbage-first heap   total 92160K, used 74333K [0x00000000c5a00000, 0x0000000100000000)
  region size 1024K, 51 young (52224K), 5 survivors (5120K)
 Metaspace       used 61409K, capacity 63204K, committed 63488K, reserved 1103872K
  class space    used 7916K, capacity 8618K, committed 8704K, reserved 1048576K
}
Event: 155,110 GC heap after
{Heap after GC invocations=26 (full 0):
 garbage-first heap   total 92160K, used 29246K [0x00000000c5a00000, 0x0000000100000000)
  region size 1024K, 5 young (5120K), 5 survivors (5120K)
 Metaspace       used 61409K, capacity 63204K, committed 63488K, reserved 1103872K
  class space    used 7916K, capacity 8618K, committed 8704K, reserved 1048576K
}
Event: 164,535 GC heap before
{Heap before GC invocations=26 (full 0):
 garbage-first heap   total 92160K, used 75326K [0x00000000c5a00000, 0x0000000100000000)
  region size 1024K, 50 young (51200K), 5 survivors (5120K)
 Metaspace       used 65507K, capacity 67324K, committed 67584K, reserved 1107968K
  class space    used 8406K, capacity 9114K, committed 9216K, reserved 1048576K
}
Event: 164,553 GC heap after
{Heap after GC invocations=27 (full 0):
 garbage-first heap   total 92160K, used 30005K [0x00000000c5a00000, 0x0000000100000000)
  region size 1024K, 5 young (5120K), 5 survivors (5120K)
 Metaspace       used 65507K, capacity 67324K, committed 67584K, reserved 1107968K
  class space    used 8406K, capacity 9114K, committed 9216K, reserved 1048576K
}

