# JRE version: OpenJDK Runtime Environment (11.0.13+8) (build 11.0.13+8-Ubuntu-0ubuntu1.20.04)
# Java VM: OpenJDK 64-Bit Server VM (11.0.13+8-Ubuntu-0ubuntu1.20.04, mixed mode, sharing, tiered, compressed oops, g1 gc, linux-amd64)
Heap:
 garbage-first heap   total 133120K, used 69928K [0x00000000c5a00000, 0x0000000100000000)
  region size 1024K, 49 young (50176K), 7 survivors (7168K)
 Metaspace       used 65602K, capacity 67399K, committed 67788K, reserved 1107968K
  class space    used 8396K, capacity 9093K, committed 9164K, reserved 1048576K
GC Heap History (20 events):
Event: 7,677 GC heap before
{Heap before GC invocations=12 (full 0):
 garbage-first heap   total 92160K, used 61644K [0x00000000c5a00000, 0x0000000100000000)
  region size 1024K, 51 young (52224K), 5 survivors (5120K)
 Metaspace       used 30161K, capacity 31281K, committed 31616K, reserved 1077248K
  class space    used 3661K, capacity 4133K, committed 4224K, reserved 1048576K
}
Event: 7,692 GC heap after
{Heap after GC invocations=13 (full 0):
 garbage-first heap   total 92160K, used 16073K [0x00000000c5a00000, 0x0000000100000000)
  region size 1024K, 4 young (4096K), 4 survivors (4096K)
 Metaspace       used 30161K, capacity 31281K, committed 31616K, reserved 1077248K
  class space    used 3661K, capacity 4133K, committed 4224K, reserved 1048576K
}
Event: 8,256 GC heap before
{Heap before GC invocations=13 (full 0):
 garbage-first heap   total 92160K, used 64201K [0x00000000c5a00000, 0x0000000100000000)
  region size 1024K, 51 young (52224K), 4 survivors (4096K)
 Metaspace       used 34436K, capacity 35656K, committed 35840K, reserved 1081344K
  class space    used 4310K, capacity 4799K, committed 4864K, reserved 1048576K
}
Event: 8,269 GC heap after
{Heap after GC invocations=14 (full 0):
 garbage-first heap   total 92160K, used 17014K [0x00000000c5a00000, 0x0000000100000000)
  region size 1024K, 3 young (3072K), 3 survivors (3072K)
 Metaspace       used 34436K, capacity 35656K, committed 35840K, reserved 1081344K
  class space    used 4310K, capacity 4799K, committed 4864K, reserved 1048576K
}
Event: 8,286 GC heap before
{Heap before GC invocations=14 (full 0):
 garbage-first heap   total 92160K, used 18038K [0x00000000c5a00000, 0x0000000100000000)
  region size 1024K, 5 young (5120K), 3 survivors (3072K)
 Metaspace       used 34582K, capacity 35752K, committed 35840K, reserved 1081344K
  class space    used 4347K, capacity 4831K, committed 4864K, reserved 1048576K
}
Event: 8,297 GC heap after
{Heap after GC invocations=15 (full 0):
 garbage-first heap   total 110592K, used 17332K [0x00000000c5a00000, 0x0000000100000000)
  region size 1024K, 4 young (4096K), 4 survivors (4096K)
 Metaspace       used 34582K, capacity 35752K, committed 35840K, reserved 1081344K
  class space    used 4347K, capacity 4831K, committed 4864K, reserved 1048576K
}
Event: 9,038 GC heap before
{Heap before GC invocations=16 (full 0):
 garbage-first heap   total 110592K, used 58292K [0x00000000c5a00000, 0x0000000100000000)
  region size 1024K, 44 young (45056K), 4 survivors (4096K)
 Metaspace       used 38616K, capacity 39809K, committed 40012K, reserved 1083392K
  class space    used 4852K, capacity 5326K, committed 5452K, reserved 1048576K
}
Event: 9,062 GC heap after
{Heap after GC invocations=17 (full 0):
 garbage-first heap   total 110592K, used 20424K [0x00000000c5a00000, 0x0000000100000000)
  region size 1024K, 6 young (6144K), 6 survivors (6144K)
 Metaspace       used 38616K, capacity 39809K, committed 40012K, reserved 1083392K
  class space    used 4852K, capacity 5326K, committed 5452K, reserved 1048576K
}
Event: 9,961 GC heap before
{Heap before GC invocations=17 (full 0):
 garbage-first heap   total 110592K, used 63432K [0x00000000c5a00000, 0x0000000100000000)
  region size 1024K, 48 young (49152K), 6 survivors (6144K)
 Metaspace       used 44515K, capacity 45802K, committed 46156K, reserved 1089536K
  class space    used 5617K, capacity 6127K, committed 6220K, reserved 1048576K
}
Event: 9,981 GC heap after
{Heap after GC invocations=18 (full 0):
 garbage-first heap   total 110592K, used 21740K [0x00000000c5a00000, 0x0000000100000000)
  region size 1024K, 5 young (5120K), 5 survivors (5120K)
 Metaspace       used 44515K, capacity 45802K, committed 46156K, reserved 1089536K
  class space    used 5617K, capacity 6127K, committed 6220K, reserved 1048576K
}
Event: 10,515 GC heap before
{Heap before GC invocations=18 (full 0):
 garbage-first heap   total 110592K, used 66796K [0x00000000c5a00000, 0x0000000100000000)
  region size 1024K, 49 young (50176K), 5 survivors (5120K)
 Metaspace       used 48411K, capacity 49696K, committed 49996K, reserved 1093632K
  class space    used 6153K, capacity 6653K, committed 6732K, reserved 1048576K
}
Event: 10,529 GC heap after
{Heap after GC invocations=19 (full 0):
 garbage-first heap   total 110592K, used 23038K [0x00000000c5a00000, 0x0000000100000000)
  region size 1024K, 3 young (3072K), 3 survivors (3072K)
 Metaspace       used 48411K, capacity 49696K, committed 49996K, reserved 1093632K
  class space    used 6153K, capacity 6653K, committed 6732K, reserved 1048576K
}
Event: 13,216 GC heap before
{Heap before GC invocations=19 (full 0):
 garbage-first heap   total 110592K, used 71166K [0x00000000c5a00000, 0x0000000100000000)
  region size 1024K, 50 young (51200K), 3 survivors (3072K)
 Metaspace       used 52331K, capacity 53616K, committed 53836K, reserved 1095680K
  class space    used 6706K, capacity 7231K, committed 7244K, reserved 1048576K
}
Event: 13,231 GC heap after
{Heap after GC invocations=20 (full 0):
 garbage-first heap   total 133120K, used 23760K [0x00000000c5a00000, 0x0000000100000000)
  region size 1024K, 4 young (4096K), 4 survivors (4096K)
 Metaspace       used 52331K, capacity 53616K, committed 53836K, reserved 1095680K
  class space    used 6706K, capacity 7231K, committed 7244K, reserved 1048576K
}
Event: 14,194 GC heap before
{Heap before GC invocations=20 (full 0):
 garbage-first heap   total 133120K, used 83152K [0x00000000c5a00000, 0x0000000100000000)
  region size 1024K, 62 young (63488K), 4 survivors (4096K)
 Metaspace       used 56312K, capacity 57765K, committed 58060K, reserved 1099776K
  class space    used 7226K, capacity 7821K, committed 7884K, reserved 1048576K
}
Event: 14,207 GC heap after
{Heap after GC invocations=21 (full 0):
 garbage-first heap   total 133120K, used 25565K [0x00000000c5a00000, 0x0000000100000000)
  region size 1024K, 6 young (6144K), 6 survivors (6144K)
 Metaspace       used 56312K, capacity 57765K, committed 58060K, reserved 1099776K
  class space    used 7226K, capacity 7821K, committed 7884K, reserved 1048576K
}
Event: 14,808 GC heap before
{Heap before GC invocations=21 (full 0):
 garbage-first heap   total 133120K, used 67549K [0x00000000c5a00000, 0x0000000100000000)
  region size 1024K, 48 young (49152K), 6 survivors (6144K)
 Metaspace       used 58536K, capacity 60057K, committed 60236K, reserved 1101824K
  class space    used 7525K, capacity 8154K, committed 8268K, reserved 1048576K
}
Event: 14,827 GC heap after
{Heap after GC invocations=22 (full 0):
 garbage-first heap   total 133120K, used 26620K [0x00000000c5a00000, 0x0000000100000000)
  region size 1024K, 5 young (5120K), 5 survivors (5120K)
 Metaspace       used 58536K, capacity 60057K, committed 60236K, reserved 1101824K
  class space    used 7525K, capacity 8154K, committed 8268K, reserved 1048576K
}
Event: 81,040 GC heap before
{Heap before GC invocations=23 (full 0):
 garbage-first heap   total 133120K, used 91132K [0x00000000c5a00000, 0x0000000100000000)
  region size 1024K, 68 young (69632K), 5 survivors (5120K)
 Metaspace       used 62741K, capacity 64474K, committed 64844K, reserved 1105920K
  class space    used 8084K, capacity 8767K, committed 8780K, reserved 1048576K
}
Event: 81,063 GC heap after
{Heap after GC invocations=24 (full 0):
 garbage-first heap   total 133120K, used 28968K [0x00000000c5a00000, 0x0000000100000000)
  region size 1024K, 7 young (7168K), 7 survivors (7168K)
 Metaspace       used 62741K, capacity 64474K, committed 64844K, reserved 1105920K
  class space    used 8084K, capacity 8767K, committed 8780K, reserved 1048576K
}

