# JRE version: OpenJDK Runtime Environment (11.0.13+8) (build 11.0.13+8-Ubuntu-0ubuntu1.20.04)
# Java VM: OpenJDK 64-Bit Server VM (11.0.13+8-Ubuntu-0ubuntu1.20.04, mixed mode, sharing, tiered, compressed oops, g1 gc, linux-amd64)
Heap:
 garbage-first heap   total 110592K, used 54964K [0x00000000c5a00000, 0x0000000100000000)
  region size 1024K, 33 young (33792K), 7 survivors (7168K)
 Metaspace       used 64255K, capacity 65984K, committed 66432K, reserved 1105920K
  class space    used 8277K, capacity 8963K, committed 9088K, reserved 1048576K
GC Heap History (20 events):
Event: 11,887 GC heap before
{Heap before GC invocations=12 (full 0):
 garbage-first heap   total 76800K, used 57428K [0x00000000c5a00000, 0x0000000100000000)
  region size 1024K, 45 young (46080K), 4 survivors (4096K)
 Metaspace       used 29970K, capacity 31126K, committed 31360K, reserved 1077248K
  class space    used 3640K, capacity 4097K, committed 4224K, reserved 1048576K
}
Event: 11,904 GC heap after
{Heap after GC invocations=13 (full 0):
 garbage-first heap   total 92160K, used 16718K [0x00000000c5a00000, 0x0000000100000000)
  region size 1024K, 4 young (4096K), 4 survivors (4096K)
 Metaspace       used 29970K, capacity 31126K, committed 31360K, reserved 1077248K
  class space    used 3640K, capacity 4097K, committed 4224K, reserved 1048576K
}
Event: 12,982 GC heap before
{Heap before GC invocations=13 (full 0):
 garbage-first heap   total 92160K, used 66894K [0x00000000c5a00000, 0x0000000100000000)
  region size 1024K, 53 young (54272K), 4 survivors (4096K)
 Metaspace       used 34289K, capacity 35512K, committed 35840K, reserved 1081344K
  class space    used 4281K, capacity 4767K, committed 4864K, reserved 1048576K
}
Event: 13,001 GC heap after
{Heap after GC invocations=14 (full 0):
 garbage-first heap   total 92160K, used 17743K [0x00000000c5a00000, 0x0000000100000000)
  region size 1024K, 3 young (3072K), 3 survivors (3072K)
 Metaspace       used 34289K, capacity 35512K, committed 35840K, reserved 1081344K
  class space    used 4281K, capacity 4767K, committed 4864K, reserved 1048576K
}
Event: 13,014 GC heap before
{Heap before GC invocations=14 (full 0):
 garbage-first heap   total 92160K, used 18767K [0x00000000c5a00000, 0x0000000100000000)
  region size 1024K, 5 young (5120K), 3 survivors (3072K)
 Metaspace       used 34413K, capacity 35576K, committed 35840K, reserved 1081344K
  class space    used 4302K, capacity 4767K, committed 4864K, reserved 1048576K
}
Event: 13,026 GC heap after
{Heap after GC invocations=15 (full 0):
 garbage-first heap   total 92160K, used 17870K [0x00000000c5a00000, 0x0000000100000000)
  region size 1024K, 3 young (3072K), 3 survivors (3072K)
 Metaspace       used 34413K, capacity 35576K, committed 35840K, reserved 1081344K
  class space    used 4302K, capacity 4767K, committed 4864K, reserved 1048576K
}
Event: 14,344 GC heap before
{Heap before GC invocations=16 (full 0):
 garbage-first heap   total 92160K, used 59854K [0x00000000c5a00000, 0x0000000100000000)
  region size 1024K, 44 young (45056K), 3 survivors (3072K)
 Metaspace       used 38711K, capacity 39889K, committed 40192K, reserved 1083392K
  class space    used 4864K, capacity 5326K, committed 5376K, reserved 1048576K
}
Event: 14,362 GC heap after
{Heap after GC invocations=17 (full 0):
 garbage-first heap   total 92160K, used 20626K [0x00000000c5a00000, 0x0000000100000000)
  region size 1024K, 6 young (6144K), 6 survivors (6144K)
 Metaspace       used 38711K, capacity 39889K, committed 40192K, reserved 1083392K
  class space    used 4864K, capacity 5326K, committed 5376K, reserved 1048576K
}
Event: 16,105 GC heap before
{Heap before GC invocations=17 (full 0):
 garbage-first heap   total 92160K, used 61586K [0x00000000c5a00000, 0x0000000100000000)
  region size 1024K, 46 young (47104K), 6 survivors (6144K)
 Metaspace       used 44172K, capacity 45428K, committed 45824K, reserved 1089536K
  class space    used 5556K, capacity 6061K, committed 6144K, reserved 1048576K
}
Event: 16,126 GC heap after
{Heap after GC invocations=18 (full 0):
 garbage-first heap   total 110592K, used 22033K [0x00000000c5a00000, 0x0000000100000000)
  region size 1024K, 5 young (5120K), 5 survivors (5120K)
 Metaspace       used 44172K, capacity 45428K, committed 45824K, reserved 1089536K
  class space    used 5556K, capacity 6061K, committed 6144K, reserved 1048576K
}
Event: 17,169 GC heap before
{Heap before GC invocations=18 (full 0):
 garbage-first heap   total 110592K, used 73233K [0x00000000c5a00000, 0x0000000100000000)
  region size 1024K, 55 young (56320K), 5 survivors (5120K)
 Metaspace       used 48679K, capacity 49968K, committed 50560K, reserved 1093632K
  class space    used 6207K, capacity 6717K, committed 6784K, reserved 1048576K
}
Event: 17,188 GC heap after
{Heap after GC invocations=19 (full 0):
 garbage-first heap   total 110592K, used 23247K [0x00000000c5a00000, 0x0000000100000000)
  region size 1024K, 3 young (3072K), 3 survivors (3072K)
 Metaspace       used 48679K, capacity 49968K, committed 50560K, reserved 1093632K
  class space    used 6207K, capacity 6717K, committed 6784K, reserved 1048576K
}
Event: 22,054 GC heap before
{Heap before GC invocations=19 (full 0):
 garbage-first heap   total 110592K, used 76495K [0x00000000c5a00000, 0x0000000100000000)
  region size 1024K, 55 young (56320K), 3 survivors (3072K)
 Metaspace       used 53042K, capacity 54355K, committed 55040K, reserved 1097728K
  class space    used 6783K, capacity 7302K, committed 7424K, reserved 1048576K
}
Event: 22,065 GC heap after
{Heap after GC invocations=20 (full 0):
 garbage-first heap   total 110592K, used 24447K [0x00000000c5a00000, 0x0000000100000000)
  region size 1024K, 4 young (4096K), 4 survivors (4096K)
 Metaspace       used 53042K, capacity 54355K, committed 55040K, reserved 1097728K
  class space    used 6783K, capacity 7302K, committed 7424K, reserved 1048576K
}
Event: 23,147 GC heap before
{Heap before GC invocations=20 (full 0):
 garbage-first heap   total 110592K, used 77695K [0x00000000c5a00000, 0x0000000100000000)
  region size 1024K, 56 young (57344K), 4 survivors (4096K)
 Metaspace       used 56246K, capacity 57779K, committed 58112K, reserved 1099776K
  class space    used 7208K, capacity 7819K, committed 7936K, reserved 1048576K
}
Event: 23,164 GC heap after
{Heap after GC invocations=21 (full 0):
 garbage-first heap   total 110592K, used 26170K [0x00000000c5a00000, 0x0000000100000000)
  region size 1024K, 5 young (5120K), 5 survivors (5120K)
 Metaspace       used 56246K, capacity 57779K, committed 58112K, reserved 1099776K
  class space    used 7208K, capacity 7819K, committed 7936K, reserved 1048576K
}
Event: 23,858 GC heap before
{Heap before GC invocations=21 (full 0):
 garbage-first heap   total 110592K, used 63034K [0x00000000c5a00000, 0x0000000100000000)
  region size 1024K, 42 young (43008K), 5 survivors (5120K)
 Metaspace       used 58471K, capacity 60001K, committed 60160K, reserved 1101824K
  class space    used 7512K, capacity 8130K, committed 8192K, reserved 1048576K
}
Event: 23,873 GC heap after
{Heap after GC invocations=22 (full 0):
 garbage-first heap   total 110592K, used 27397K [0x00000000c5a00000, 0x0000000100000000)
  region size 1024K, 6 young (6144K), 6 survivors (6144K)
 Metaspace       used 58471K, capacity 60001K, committed 60160K, reserved 1101824K
  class space    used 7512K, capacity 8130K, committed 8192K, reserved 1048576K
}
Event: 32,720 GC heap before
{Heap before GC invocations=23 (full 0):
 garbage-first heap   total 110592K, used 81669K [0x00000000c5a00000, 0x0000000100000000)
  region size 1024K, 59 young (60416K), 6 survivors (6144K)
 Metaspace       used 62133K, capacity 63897K, committed 64000K, reserved 1103872K
  class space    used 8012K, capacity 8696K, committed 8704K, reserved 1048576K
}
Event: 32,752 GC heap after
{Heap after GC invocations=24 (full 0):
 garbage-first heap   total 110592K, used 29364K [0x00000000c5a00000, 0x0000000100000000)
  region size 1024K, 7 young (7168K), 7 survivors (7168K)
 Metaspace       used 62133K, capacity 63897K, committed 64000K, reserved 1103872K
  class space    used 8012K, capacity 8696K, committed 8704K, reserved 1048576K
}

