# JRE version: OpenJDK Runtime Environment (11.0.13+8) (build 11.0.13+8-Ubuntu-0ubuntu1.20.04)
# Java VM: OpenJDK 64-Bit Server VM (11.0.13+8-Ubuntu-0ubuntu1.20.04, mixed mode, sharing, tiered, compressed oops, g1 gc, linux-amd64)
Heap:
 garbage-first heap   total 123904K, used 35829K [0x00000000c5a00000, 0x0000000100000000)
  region size 1024K, 14 young (14336K), 7 survivors (7168K)
 Metaspace       used 63838K, capacity 65573K, committed 65792K, reserved 1105920K
  class space    used 8221K, capacity 8892K, committed 8960K, reserved 1048576K
GC Heap History (20 events):
Event: 8,070 GC heap before
{Heap before GC invocations=10 (full 0):
 garbage-first heap   total 79872K, used 56145K [0x00000000c5a00000, 0x0000000100000000)
  region size 1024K, 46 young (47104K), 4 survivors (4096K)
 Metaspace       used 26761K, capacity 27757K, committed 28032K, reserved 1073152K
  class space    used 3286K, capacity 3682K, committed 3712K, reserved 1048576K
}
Event: 8,091 GC heap after
{Heap after GC invocations=11 (full 0):
 garbage-first heap   total 96256K, used 15236K [0x00000000c5a00000, 0x0000000100000000)
  region size 1024K, 5 young (5120K), 5 survivors (5120K)
 Metaspace       used 26761K, capacity 27757K, committed 28032K, reserved 1073152K
  class space    used 3286K, capacity 3682K, committed 3712K, reserved 1048576K
}
Event: 8,497 GC heap before
{Heap before GC invocations=11 (full 0):
 garbage-first heap   total 96256K, used 62340K [0x00000000c5a00000, 0x0000000100000000)
  region size 1024K, 52 young (53248K), 5 survivors (5120K)
 Metaspace       used 28848K, capacity 29913K, committed 30080K, reserved 1075200K
  class space    used 3482K, capacity 3888K, committed 3968K, reserved 1048576K
}
Event: 8,520 GC heap after
{Heap after GC invocations=12 (full 0):
 garbage-first heap   total 96256K, used 16180K [0x00000000c5a00000, 0x0000000100000000)
  region size 1024K, 5 young (5120K), 5 survivors (5120K)
 Metaspace       used 28848K, capacity 29913K, committed 30080K, reserved 1075200K
  class space    used 3482K, capacity 3888K, committed 3968K, reserved 1048576K
}
Event: 9,357 GC heap before
{Heap before GC invocations=12 (full 0):
 garbage-first heap   total 96256K, used 66356K [0x00000000c5a00000, 0x0000000100000000)
  region size 1024K, 55 young (56320K), 5 survivors (5120K)
 Metaspace       used 31703K, capacity 32858K, committed 33024K, reserved 1077248K
  class space    used 3846K, capacity 4333K, committed 4352K, reserved 1048576K
}
Event: 9,397 GC heap after
{Heap after GC invocations=13 (full 0):
 garbage-first heap   total 96256K, used 17512K [0x00000000c5a00000, 0x0000000100000000)
  region size 1024K, 5 young (5120K), 5 survivors (5120K)
 Metaspace       used 31703K, capacity 32858K, committed 33024K, reserved 1077248K
  class space    used 3846K, capacity 4333K, committed 4352K, reserved 1048576K
}
Event: 9,929 GC heap before
{Heap before GC invocations=13 (full 0):
 garbage-first heap   total 96256K, used 49256K [0x00000000c5a00000, 0x0000000100000000)
  region size 1024K, 37 young (37888K), 5 survivors (5120K)
 Metaspace       used 34400K, capacity 35576K, committed 35840K, reserved 1081344K
  class space    used 4302K, capacity 4767K, committed 4864K, reserved 1048576K
}
Event: 9,950 GC heap after
{Heap after GC invocations=14 (full 0):
 garbage-first heap   total 96256K, used 17897K [0x00000000c5a00000, 0x0000000100000000)
  region size 1024K, 3 young (3072K), 3 survivors (3072K)
 Metaspace       used 34400K, capacity 35576K, committed 35840K, reserved 1081344K
  class space    used 4302K, capacity 4767K, committed 4864K, reserved 1048576K
}
Event: 11,296 GC heap before
{Heap before GC invocations=15 (full 0):
 garbage-first heap   total 96256K, used 72169K [0x00000000c5a00000, 0x0000000100000000)
  region size 1024K, 56 young (57344K), 3 survivors (3072K)
 Metaspace       used 42003K, capacity 43233K, committed 43520K, reserved 1087488K
  class space    used 5287K, capacity 5799K, committed 5888K, reserved 1048576K
}
Event: 11,319 GC heap after
{Heap after GC invocations=16 (full 0):
 garbage-first heap   total 123904K, used 21010K [0x00000000c5a00000, 0x0000000100000000)
  region size 1024K, 6 young (6144K), 6 survivors (6144K)
 Metaspace       used 42003K, capacity 43233K, committed 43520K, reserved 1087488K
  class space    used 5287K, capacity 5799K, committed 5888K, reserved 1048576K
}
Event: 12,610 GC heap before
{Heap before GC invocations=16 (full 0):
 garbage-first heap   total 123904K, used 83474K [0x00000000c5a00000, 0x0000000100000000)
  region size 1024K, 67 young (68608K), 6 survivors (6144K)
 Metaspace       used 46917K, capacity 48222K, committed 48640K, reserved 1091584K
  class space    used 5891K, capacity 6392K, committed 6400K, reserved 1048576K
}
Event: 12,634 GC heap after
{Heap after GC invocations=17 (full 0):
 garbage-first heap   total 123904K, used 23129K [0x00000000c5a00000, 0x0000000100000000)
  region size 1024K, 6 young (6144K), 6 survivors (6144K)
 Metaspace       used 46917K, capacity 48222K, committed 48640K, reserved 1091584K
  class space    used 5891K, capacity 6392K, committed 6400K, reserved 1048576K
}
Event: 22,030 GC heap before
{Heap before GC invocations=17 (full 0):
 garbage-first heap   total 123904K, used 88665K [0x00000000c5a00000, 0x0000000100000000)
  region size 1024K, 70 young (71680K), 6 survivors (6144K)
 Metaspace       used 52379K, capacity 53706K, committed 54144K, reserved 1095680K
  class space    used 6712K, capacity 7235K, committed 7296K, reserved 1048576K
}
Event: 22,049 GC heap after
{Heap after GC invocations=18 (full 0):
 garbage-first heap   total 123904K, used 24694K [0x00000000c5a00000, 0x0000000100000000)
  region size 1024K, 4 young (4096K), 4 survivors (4096K)
 Metaspace       used 52379K, capacity 53706K, committed 54144K, reserved 1095680K
  class space    used 6712K, capacity 7235K, committed 7296K, reserved 1048576K
}
Event: 23,642 GC heap before
{Heap before GC invocations=18 (full 0):
 garbage-first heap   total 123904K, used 91254K [0x00000000c5a00000, 0x0000000100000000)
  region size 1024K, 69 young (70656K), 4 survivors (4096K)
 Metaspace       used 56744K, capacity 58313K, committed 58624K, reserved 1099776K
  class space    used 7282K, capacity 7889K, committed 7936K, reserved 1048576K
}
Event: 23,661 GC heap after
{Heap after GC invocations=19 (full 0):
 garbage-first heap   total 123904K, used 26411K [0x00000000c5a00000, 0x0000000100000000)
  region size 1024K, 6 young (6144K), 6 survivors (6144K)
 Metaspace       used 56744K, capacity 58313K, committed 58624K, reserved 1099776K
  class space    used 7282K, capacity 7889K, committed 7936K, reserved 1048576K
}
Event: 26,154 GC heap before
{Heap before GC invocations=19 (full 0):
 garbage-first heap   total 123904K, used 55083K [0x00000000c5a00000, 0x0000000100000000)
  region size 1024K, 35 young (35840K), 6 survivors (6144K)
 Metaspace       used 58482K, capacity 60066K, committed 60160K, reserved 1101824K
  class space    used 7512K, capacity 8130K, committed 8192K, reserved 1048576K
}
Event: 26,174 GC heap after
{Heap after GC invocations=20 (full 0):
 garbage-first heap   total 123904K, used 27232K [0x00000000c5a00000, 0x0000000100000000)
  region size 1024K, 5 young (5120K), 5 survivors (5120K)
 Metaspace       used 58482K, capacity 60066K, committed 60160K, reserved 1101824K
  class space    used 7512K, capacity 8130K, committed 8192K, reserved 1048576K
}
Event: 112,642 GC heap before
{Heap before GC invocations=21 (full 0):
 garbage-first heap   total 123904K, used 95840K [0x00000000c5a00000, 0x0000000100000000)
  region size 1024K, 72 young (73728K), 5 survivors (5120K)
 Metaspace       used 63321K, capacity 65087K, committed 65280K, reserved 1105920K
  class space    used 8162K, capacity 8858K, committed 8960K, reserved 1048576K
}
Event: 112,661 GC heap after
{Heap after GC invocations=22 (full 0):
 garbage-first heap   total 123904K, used 29685K [0x00000000c5a00000, 0x0000000100000000)
  region size 1024K, 7 young (7168K), 7 survivors (7168K)
 Metaspace       used 63321K, capacity 65087K, committed 65280K, reserved 1105920K
  class space    used 8162K, capacity 8858K, committed 8960K, reserved 1048576K
}

