# JRE version: OpenJDK Runtime Environment (11.0.13+8) (build 11.0.13+8-Ubuntu-0ubuntu1.20.04)
# Java VM: OpenJDK 64-Bit Server VM (11.0.13+8-Ubuntu-0ubuntu1.20.04, mixed mode, sharing, tiered, compressed oops, g1 gc, linux-amd64)
Heap:
 garbage-first heap   total 111616K, used 54569K [0x00000000c5a00000, 0x0000000100000000)
  region size 1024K, 32 young (32768K), 6 survivors (6144K)
 Metaspace       used 64957K, capacity 66743K, committed 66944K, reserved 1107968K
  class space    used 8353K, capacity 9047K, committed 9088K, reserved 1048576K
GC Heap History (20 events):
Event: 9,345 GC heap before
{Heap before GC invocations=10 (full 0):
 garbage-first heap   total 76800K, used 54748K [0x00000000c5a00000, 0x0000000100000000)
  region size 1024K, 45 young (46080K), 4 survivors (4096K)
 Metaspace       used 26496K, capacity 27542K, committed 27776K, reserved 1073152K
  class space    used 3256K, capacity 3675K, committed 3712K, reserved 1048576K
}
Event: 9,368 GC heap after
{Heap after GC invocations=11 (full 0):
 garbage-first heap   total 76800K, used 14766K [0x00000000c5a00000, 0x0000000100000000)
  region size 1024K, 5 young (5120K), 5 survivors (5120K)
 Metaspace       used 26496K, capacity 27542K, committed 27776K, reserved 1073152K
  class space    used 3256K, capacity 3675K, committed 3712K, reserved 1048576K
}
Event: 9,800 GC heap before
{Heap before GC invocations=11 (full 0):
 garbage-first heap   total 76800K, used 54702K [0x00000000c5a00000, 0x0000000100000000)
  region size 1024K, 45 young (46080K), 5 survivors (5120K)
 Metaspace       used 28809K, capacity 29847K, committed 30080K, reserved 1075200K
  class space    used 3482K, capacity 3888K, committed 3968K, reserved 1048576K
}
Event: 9,827 GC heap after
{Heap after GC invocations=12 (full 0):
 garbage-first heap   total 92160K, used 16110K [0x00000000c5a00000, 0x0000000100000000)
  region size 1024K, 4 young (4096K), 4 survivors (4096K)
 Metaspace       used 28809K, capacity 29847K, committed 30080K, reserved 1075200K
  class space    used 3482K, capacity 3888K, committed 3968K, reserved 1048576K
}
Event: 10,492 GC heap before
{Heap before GC invocations=12 (full 0):
 garbage-first heap   total 92160K, used 62190K [0x00000000c5a00000, 0x0000000100000000)
  region size 1024K, 50 young (51200K), 4 survivors (4096K)
 Metaspace       used 30156K, capacity 31357K, committed 31616K, reserved 1077248K
  class space    used 3664K, capacity 4133K, committed 4224K, reserved 1048576K
}
Event: 10,511 GC heap after
{Heap after GC invocations=13 (full 0):
 garbage-first heap   total 92160K, used 17024K [0x00000000c5a00000, 0x0000000100000000)
  region size 1024K, 5 young (5120K), 5 survivors (5120K)
 Metaspace       used 30156K, capacity 31357K, committed 31616K, reserved 1077248K
  class space    used 3664K, capacity 4133K, committed 4224K, reserved 1048576K
}
Event: 11,471 GC heap before
{Heap before GC invocations=13 (full 0):
 garbage-first heap   total 92160K, used 64128K [0x00000000c5a00000, 0x0000000100000000)
  region size 1024K, 52 young (53248K), 5 survivors (5120K)
 Metaspace       used 34466K, capacity 35604K, committed 35840K, reserved 1081344K
  class space    used 4331K, capacity 4799K, committed 4864K, reserved 1048576K
}
Event: 11,490 GC heap after
{Heap after GC invocations=14 (full 0):
 garbage-first heap   total 92160K, used 17601K [0x00000000c5a00000, 0x0000000100000000)
  region size 1024K, 3 young (3072K), 3 survivors (3072K)
 Metaspace       used 34466K, capacity 35604K, committed 35840K, reserved 1081344K
  class space    used 4331K, capacity 4799K, committed 4864K, reserved 1048576K
}
Event: 12,714 GC heap before
{Heap before GC invocations=15 (full 0):
 garbage-first heap   total 92160K, used 69825K [0x00000000c5a00000, 0x0000000100000000)
  region size 1024K, 54 young (55296K), 3 survivors (3072K)
 Metaspace       used 41781K, capacity 43069K, committed 43520K, reserved 1087488K
  class space    used 5263K, capacity 5767K, committed 5888K, reserved 1048576K
}
Event: 12,744 GC heap after
{Heap after GC invocations=16 (full 0):
 garbage-first heap   total 92160K, used 20673K [0x00000000c5a00000, 0x0000000100000000)
  region size 1024K, 6 young (6144K), 6 survivors (6144K)
 Metaspace       used 41781K, capacity 43069K, committed 43520K, reserved 1087488K
  class space    used 5263K, capacity 5767K, committed 5888K, reserved 1048576K
}
Event: 13,537 GC heap before
{Heap before GC invocations=16 (full 0):
 garbage-first heap   total 92160K, used 68801K [0x00000000c5a00000, 0x0000000100000000)
  region size 1024K, 54 young (55296K), 6 survivors (6144K)
 Metaspace       used 45698K, capacity 46956K, committed 47232K, reserved 1089536K
  class space    used 5740K, capacity 6228K, committed 6272K, reserved 1048576K
}
Event: 13,561 GC heap after
{Heap after GC invocations=17 (full 0):
 garbage-first heap   total 111616K, used 22765K [0x00000000c5a00000, 0x0000000100000000)
  region size 1024K, 6 young (6144K), 6 survivors (6144K)
 Metaspace       used 45698K, capacity 46956K, committed 47232K, reserved 1089536K
  class space    used 5740K, capacity 6228K, committed 6272K, reserved 1048576K
}
Event: 14,668 GC heap before
{Heap before GC invocations=17 (full 0):
 garbage-first heap   total 111616K, used 77037K [0x00000000c5a00000, 0x0000000100000000)
  region size 1024K, 59 young (60416K), 6 survivors (6144K)
 Metaspace       used 50553K, capacity 51800K, committed 52352K, reserved 1095680K
  class space    used 6485K, capacity 6987K, committed 7040K, reserved 1048576K
}
Event: 14,682 GC heap after
{Heap after GC invocations=18 (full 0):
 garbage-first heap   total 111616K, used 23311K [0x00000000c5a00000, 0x0000000100000000)
  region size 1024K, 3 young (3072K), 3 survivors (3072K)
 Metaspace       used 50553K, capacity 51800K, committed 52352K, reserved 1095680K
  class space    used 6485K, capacity 6987K, committed 7040K, reserved 1048576K
}
Event: 19,865 GC heap before
{Heap before GC invocations=18 (full 0):
 garbage-first heap   total 111616K, used 86799K [0x00000000c5a00000, 0x0000000100000000)
  region size 1024K, 65 young (66560K), 3 survivors (3072K)
 Metaspace       used 55442K, capacity 56946K, committed 57216K, reserved 1099776K
  class space    used 7122K, capacity 7716K, committed 7808K, reserved 1048576K
}
Event: 19,881 GC heap after
{Heap after GC invocations=19 (full 0):
 garbage-first heap   total 111616K, used 25161K [0x00000000c5a00000, 0x0000000100000000)
  region size 1024K, 5 young (5120K), 5 survivors (5120K)
 Metaspace       used 55442K, capacity 56946K, committed 57216K, reserved 1099776K
  class space    used 7122K, capacity 7716K, committed 7808K, reserved 1048576K
}
Event: 21,049 GC heap before
{Heap before GC invocations=19 (full 0):
 garbage-first heap   total 111616K, used 84553K [0x00000000c5a00000, 0x0000000100000000)
  region size 1024K, 64 young (65536K), 5 survivors (5120K)
 Metaspace       used 58483K, capacity 60003K, committed 60160K, reserved 1101824K
  class space    used 7520K, capacity 8132K, committed 8192K, reserved 1048576K
}
Event: 21,065 GC heap after
{Heap after GC invocations=20 (full 0):
 garbage-first heap   total 111616K, used 26935K [0x00000000c5a00000, 0x0000000100000000)
  region size 1024K, 6 young (6144K), 6 survivors (6144K)
 Metaspace       used 58483K, capacity 60003K, committed 60160K, reserved 1101824K
  class space    used 7520K, capacity 8132K, committed 8192K, reserved 1048576K
}
Event: 33,611 GC heap before
{Heap before GC invocations=21 (full 0):
 garbage-first heap   total 111616K, used 87351K [0x00000000c5a00000, 0x0000000100000000)
  region size 1024K, 65 young (66560K), 6 survivors (6144K)
 Metaspace       used 62558K, capacity 64278K, committed 64640K, reserved 1105920K
  class space    used 8075K, capacity 8760K, committed 8832K, reserved 1048576K
}
Event: 33,650 GC heap after
{Heap after GC invocations=22 (full 0):
 garbage-first heap   total 111616K, used 28969K [0x00000000c5a00000, 0x0000000100000000)
  region size 1024K, 6 young (6144K), 6 survivors (6144K)
 Metaspace       used 62558K, capacity 64278K, committed 64640K, reserved 1105920K
  class space    used 8075K, capacity 8760K, committed 8832K, reserved 1048576K
}

