# JRE version: OpenJDK Runtime Environment (11.0.13+8) (build 11.0.13+8-Ubuntu-0ubuntu1.20.04)
# Java VM: OpenJDK 64-Bit Server VM (11.0.13+8-Ubuntu-0ubuntu1.20.04, mixed mode, sharing, tiered, compressed oops, g1 gc, linux-amd64)
Heap:
 garbage-first heap   total 110592K, used 44458K [0x00000000c5a00000, 0x0000000100000000)
  region size 1024K, 18 young (18432K), 5 survivors (5120K)
 Metaspace       used 70313K, capacity 72195K, committed 72448K, reserved 1112064K
  class space    used 9012K, capacity 9727K, committed 9728K, reserved 1048576K
GC Heap History (20 events):
Event: 14,651 GC heap before
{Heap before GC invocations=16 (full 0):
 garbage-first heap   total 76800K, used 57069K [0x00000000c5a00000, 0x0000000100000000)
  region size 1024K, 41 young (41984K), 3 survivors (3072K)
 Metaspace       used 38127K, capacity 39343K, committed 39808K, reserved 1083392K
  class space    used 4935K, capacity 5426K, committed 5504K, reserved 1048576K
}
Event: 14,667 GC heap after
{Heap after GC invocations=17 (full 0):
 garbage-first heap   total 92160K, used 18763K [0x00000000c5a00000, 0x0000000100000000)
  region size 1024K, 4 young (4096K), 4 survivors (4096K)
 Metaspace       used 38127K, capacity 39343K, committed 39808K, reserved 1083392K
  class space    used 4935K, capacity 5426K, committed 5504K, reserved 1048576K
}
Event: 16,690 GC heap before
{Heap before GC invocations=17 (full 0):
 garbage-first heap   total 92160K, used 63819K [0x00000000c5a00000, 0x0000000100000000)
  region size 1024K, 48 young (49152K), 4 survivors (4096K)
 Metaspace       used 44573K, capacity 45898K, committed 46208K, reserved 1089536K
  class space    used 5689K, capacity 6196K, committed 6272K, reserved 1048576K
}
Event: 16,716 GC heap after
{Heap after GC invocations=18 (full 0):
 garbage-first heap   total 92160K, used 22137K [0x00000000c5a00000, 0x0000000100000000)
  region size 1024K, 6 young (6144K), 6 survivors (6144K)
 Metaspace       used 44573K, capacity 45898K, committed 46208K, reserved 1089536K
  class space    used 5689K, capacity 6196K, committed 6272K, reserved 1048576K
}
Event: 17,686 GC heap before
{Heap before GC invocations=18 (full 0):
 garbage-first heap   total 92160K, used 67193K [0x00000000c5a00000, 0x0000000100000000)
  region size 1024K, 50 young (51200K), 6 survivors (6144K)
 Metaspace       used 48209K, capacity 49526K, committed 49792K, reserved 1091584K
  class space    used 6135K, capacity 6657K, committed 6784K, reserved 1048576K
}
Event: 17,701 GC heap after
{Heap after GC invocations=19 (full 0):
 garbage-first heap   total 92160K, used 23591K [0x00000000c5a00000, 0x0000000100000000)
  region size 1024K, 5 young (5120K), 5 survivors (5120K)
 Metaspace       used 48209K, capacity 49526K, committed 49792K, reserved 1091584K
  class space    used 6135K, capacity 6657K, committed 6784K, reserved 1048576K
}
Event: 18,672 GC heap before
{Heap before GC invocations=19 (full 0):
 garbage-first heap   total 92160K, used 68647K [0x00000000c5a00000, 0x0000000100000000)
  region size 1024K, 49 young (50176K), 5 survivors (5120K)
 Metaspace       used 52110K, capacity 53449K, committed 53632K, reserved 1095680K
  class space    used 6744K, capacity 7259K, committed 7296K, reserved 1048576K
}
Event: 18,690 GC heap after
{Heap after GC invocations=20 (full 0):
 garbage-first heap   total 92160K, used 24071K [0x00000000c5a00000, 0x0000000100000000)
  region size 1024K, 2 young (2048K), 2 survivors (2048K)
 Metaspace       used 52110K, capacity 53449K, committed 53632K, reserved 1095680K
  class space    used 6744K, capacity 7259K, committed 7296K, reserved 1048576K
}
Event: 21,845 GC heap before
{Heap before GC invocations=20 (full 0):
 garbage-first heap   total 92160K, used 70151K [0x00000000c5a00000, 0x0000000100000000)
  region size 1024K, 47 young (48128K), 2 survivors (2048K)
 Metaspace       used 55885K, capacity 57225K, committed 57472K, reserved 1099776K
  class space    used 7232K, capacity 7748K, committed 7808K, reserved 1048576K
}
Event: 21,858 GC heap after
{Heap after GC invocations=21 (full 0):
 garbage-first heap   total 110592K, used 25334K [0x00000000c5a00000, 0x0000000100000000)
  region size 1024K, 4 young (4096K), 4 survivors (4096K)
 Metaspace       used 55885K, capacity 57225K, committed 57472K, reserved 1099776K
  class space    used 7232K, capacity 7748K, committed 7808K, reserved 1048576K
}
Event: 22,496 GC heap before
{Heap before GC invocations=21 (full 0):
 garbage-first heap   total 110592K, used 59126K [0x00000000c5a00000, 0x0000000100000000)
  region size 1024K, 38 young (38912K), 4 survivors (4096K)
 Metaspace       used 58428K, capacity 60015K, committed 60160K, reserved 1101824K
  class space    used 7582K, capacity 8227K, committed 8320K, reserved 1048576K
}
Event: 22,509 GC heap after
{Heap after GC invocations=22 (full 0):
 garbage-first heap   total 110592K, used 26119K [0x00000000c5a00000, 0x0000000100000000)
  region size 1024K, 4 young (4096K), 4 survivors (4096K)
 Metaspace       used 58428K, capacity 60015K, committed 60160K, reserved 1101824K
  class space    used 7582K, capacity 8227K, committed 8320K, reserved 1048576K
}
Event: 23,762 GC heap before
{Heap before GC invocations=23 (full 0):
 garbage-first heap   total 110592K, used 77319K [0x00000000c5a00000, 0x0000000100000000)
  region size 1024K, 54 young (55296K), 4 survivors (4096K)
 Metaspace       used 60514K, capacity 62153K, committed 62336K, reserved 1103872K
  class space    used 7898K, capacity 8552K, committed 8576K, reserved 1048576K
}
Event: 23,781 GC heap after
{Heap after GC invocations=24 (full 0):
 garbage-first heap   total 110592K, used 27715K [0x00000000c5a00000, 0x0000000100000000)
  region size 1024K, 5 young (5120K), 5 survivors (5120K)
 Metaspace       used 60514K, capacity 62153K, committed 62336K, reserved 1103872K
  class space    used 7898K, capacity 8552K, committed 8576K, reserved 1048576K
}
Event: 1793,872 GC heap before
{Heap before GC invocations=24 (full 0):
 garbage-first heap   total 110592K, used 80963K [0x00000000c5a00000, 0x0000000100000000)
  region size 1024K, 57 young (58368K), 5 survivors (5120K)
 Metaspace       used 63504K, capacity 65270K, committed 65664K, reserved 1105920K
  class space    used 8259K, capacity 8964K, committed 9088K, reserved 1048576K
}
Event: 1793,931 GC heap after
{Heap after GC invocations=25 (full 0):
 garbage-first heap   total 110592K, used 29834K [0x00000000c5a00000, 0x0000000100000000)
  region size 1024K, 6 young (6144K), 6 survivors (6144K)
 Metaspace       used 63504K, capacity 65270K, committed 65664K, reserved 1105920K
  class space    used 8259K, capacity 8964K, committed 9088K, reserved 1048576K
}
Event: 3752,182 GC heap before
{Heap before GC invocations=25 (full 0):
 garbage-first heap   total 110592K, used 84106K [0x00000000c5a00000, 0x0000000100000000)
  region size 1024K, 60 young (61440K), 6 survivors (6144K)
 Metaspace       used 66660K, capacity 68474K, committed 68736K, reserved 1107968K
  class space    used 8608K, capacity 9320K, committed 9344K, reserved 1048576K
}
Event: 3752,209 GC heap after
{Heap after GC invocations=26 (full 0):
 garbage-first heap   total 110592K, used 31048K [0x00000000c5a00000, 0x0000000100000000)
  region size 1024K, 5 young (5120K), 5 survivors (5120K)
 Metaspace       used 66660K, capacity 68474K, committed 68736K, reserved 1107968K
  class space    used 8608K, capacity 9320K, committed 9344K, reserved 1048576K
}
Event: 7089,566 GC heap before
{Heap before GC invocations=26 (full 0):
 garbage-first heap   total 110592K, used 85320K [0x00000000c5a00000, 0x0000000100000000)
  region size 1024K, 59 young (60416K), 5 survivors (5120K)
 Metaspace       used 70237K, capacity 72067K, committed 72192K, reserved 1112064K
  class space    used 9012K, capacity 9727K, committed 9728K, reserved 1048576K
}
Event: 7089,587 GC heap after
{Heap after GC invocations=27 (full 0):
 garbage-first heap   total 110592K, used 32170K [0x00000000c5a00000, 0x0000000100000000)
  region size 1024K, 5 young (5120K), 5 survivors (5120K)
 Metaspace       used 70237K, capacity 72067K, committed 72192K, reserved 1112064K
  class space    used 9012K, capacity 9727K, committed 9728K, reserved 1048576K
}

