# JRE version: OpenJDK Runtime Environment (11.0.13+8) (build 11.0.13+8-Ubuntu-0ubuntu1.20.04)
# Java VM: OpenJDK 64-Bit Server VM (11.0.13+8-Ubuntu-0ubuntu1.20.04, mixed mode, sharing, tiered, compressed oops, g1 gc, linux-amd64)
Heap:
 garbage-first heap   total 92160K, used 54992K [0x00000000c5a00000, 0x0000000100000000)
  region size 1024K, 38 young (38912K), 5 survivors (5120K)
 Metaspace       used 46666K, capacity 47918K, committed 48380K, reserved 1091584K
  class space    used 5860K, capacity 6359K, committed 6476K, reserved 1048576K
GC Heap History (20 events):
Event: 9,296 GC heap before
{Heap before GC invocations=6 (full 0):
 garbage-first heap   total 76800K, used 53112K [0x00000000c5a00000, 0x0000000100000000)
  region size 1024K, 45 young (46080K), 3 survivors (3072K)
 Metaspace       used 19247K, capacity 19924K, committed 20224K, reserved 1067008K
  class space    used 2251K, capacity 2480K, committed 2560K, reserved 1048576K
}
Event: 9,306 GC heap after
{Heap after GC invocations=7 (full 0):
 garbage-first heap   total 76800K, used 11705K [0x00000000c5a00000, 0x0000000100000000)
  region size 1024K, 4 young (4096K), 4 survivors (4096K)
 Metaspace       used 19247K, capacity 19924K, committed 20224K, reserved 1067008K
  class space    used 2251K, capacity 2480K, committed 2560K, reserved 1048576K
}
Event: 10,054 GC heap before
{Heap before GC invocations=7 (full 0):
 garbage-first heap   total 76800K, used 34233K [0x00000000c5a00000, 0x0000000100000000)
  region size 1024K, 27 young (27648K), 4 survivors (4096K)
 Metaspace       used 20375K, capacity 21121K, committed 21296K, reserved 1069056K
  class space    used 2392K, capacity 2665K, committed 2688K, reserved 1048576K
}
Event: 10,069 GC heap after
{Heap after GC invocations=8 (full 0):
 garbage-first heap   total 76800K, used 12156K [0x00000000c5a00000, 0x0000000100000000)
  region size 1024K, 3 young (3072K), 3 survivors (3072K)
 Metaspace       used 20375K, capacity 21121K, committed 21296K, reserved 1069056K
  class space    used 2392K, capacity 2665K, committed 2688K, reserved 1048576K
}
Event: 11,327 GC heap before
{Heap before GC invocations=9 (full 0):
 garbage-first heap   total 76800K, used 54140K [0x00000000c5a00000, 0x0000000100000000)
  region size 1024K, 44 young (45056K), 3 survivors (3072K)
 Metaspace       used 23081K, capacity 23931K, committed 24112K, reserved 1071104K
  class space    used 2761K, capacity 3084K, committed 3200K, reserved 1048576K
}
Event: 11,340 GC heap after
{Heap after GC invocations=10 (full 0):
 garbage-first heap   total 76800K, used 13283K [0x00000000c5a00000, 0x0000000100000000)
  region size 1024K, 4 young (4096K), 4 survivors (4096K)
 Metaspace       used 23081K, capacity 23931K, committed 24112K, reserved 1071104K
  class space    used 2761K, capacity 3084K, committed 3200K, reserved 1048576K
}
Event: 12,612 GC heap before
{Heap before GC invocations=10 (full 0):
 garbage-first heap   total 76800K, used 55267K [0x00000000c5a00000, 0x0000000100000000)
  region size 1024K, 45 young (46080K), 4 survivors (4096K)
 Metaspace       used 26543K, capacity 27595K, committed 27696K, reserved 1073152K
  class space    used 3254K, capacity 3675K, committed 3712K, reserved 1048576K
}
Event: 12,627 GC heap after
{Heap after GC invocations=11 (full 0):
 garbage-first heap   total 76800K, used 15160K [0x00000000c5a00000, 0x0000000100000000)
  region size 1024K, 5 young (5120K), 5 survivors (5120K)
 Metaspace       used 26543K, capacity 27595K, committed 27696K, reserved 1073152K
  class space    used 3254K, capacity 3675K, committed 3712K, reserved 1048576K
}
Event: 13,463 GC heap before
{Heap before GC invocations=11 (full 0):
 garbage-first heap   total 76800K, used 55096K [0x00000000c5a00000, 0x0000000100000000)
  region size 1024K, 45 young (46080K), 5 survivors (5120K)
 Metaspace       used 28892K, capacity 29902K, committed 30256K, reserved 1075200K
  class space    used 3482K, capacity 3888K, committed 3968K, reserved 1048576K
}
Event: 13,484 GC heap after
{Heap after GC invocations=12 (full 0):
 garbage-first heap   total 76800K, used 16524K [0x00000000c5a00000, 0x0000000100000000)
  region size 1024K, 4 young (4096K), 4 survivors (4096K)
 Metaspace       used 28892K, capacity 29902K, committed 30256K, reserved 1075200K
  class space    used 3482K, capacity 3888K, committed 3968K, reserved 1048576K
}
Event: 13,970 GC heap before
{Heap before GC invocations=12 (full 0):
 garbage-first heap   total 76800K, used 56460K [0x00000000c5a00000, 0x0000000100000000)
  region size 1024K, 44 young (45056K), 4 survivors (4096K)
 Metaspace       used 29870K, capacity 30918K, committed 31152K, reserved 1077248K
  class space    used 3624K, capacity 4053K, committed 4096K, reserved 1048576K
}
Event: 13,984 GC heap after
{Heap after GC invocations=13 (full 0):
 garbage-first heap   total 92160K, used 17096K [0x00000000c5a00000, 0x0000000100000000)
  region size 1024K, 2 young (2048K), 2 survivors (2048K)
 Metaspace       used 29870K, capacity 30918K, committed 31152K, reserved 1077248K
  class space    used 3624K, capacity 4053K, committed 4096K, reserved 1048576K
}
Event: 15,596 GC heap before
{Heap before GC invocations=13 (full 0):
 garbage-first heap   total 92160K, used 65224K [0x00000000c5a00000, 0x0000000100000000)
  region size 1024K, 49 young (50176K), 2 survivors (2048K)
 Metaspace       used 33777K, capacity 34939K, committed 35120K, reserved 1079296K
  class space    used 4189K, capacity 4666K, committed 4736K, reserved 1048576K
}
Event: 15,607 GC heap after
{Heap after GC invocations=14 (full 0):
 garbage-first heap   total 92160K, used 17731K [0x00000000c5a00000, 0x0000000100000000)
  region size 1024K, 3 young (3072K), 3 survivors (3072K)
 Metaspace       used 33777K, capacity 34939K, committed 35120K, reserved 1079296K
  class space    used 4189K, capacity 4666K, committed 4736K, reserved 1048576K
}
Event: 15,768 GC heap before
{Heap before GC invocations=14 (full 0):
 garbage-first heap   total 92160K, used 23875K [0x00000000c5a00000, 0x0000000100000000)
  region size 1024K, 10 young (10240K), 3 survivors (3072K)
 Metaspace       used 34343K, capacity 35499K, committed 35708K, reserved 1081344K
  class space    used 4290K, capacity 4767K, committed 4812K, reserved 1048576K
}
Event: 15,777 GC heap after
{Heap after GC invocations=15 (full 0):
 garbage-first heap   total 92160K, used 18069K [0x00000000c5a00000, 0x0000000100000000)
  region size 1024K, 3 young (3072K), 3 survivors (3072K)
 Metaspace       used 34343K, capacity 35499K, committed 35708K, reserved 1081344K
  class space    used 4290K, capacity 4767K, committed 4812K, reserved 1048576K
}
Event: 16,935 GC heap before
{Heap before GC invocations=16 (full 0):
 garbage-first heap   total 92160K, used 60053K [0x00000000c5a00000, 0x0000000100000000)
  region size 1024K, 44 young (45056K), 3 survivors (3072K)
 Metaspace       used 38699K, capacity 39908K, committed 40188K, reserved 1083392K
  class space    used 4866K, capacity 5358K, committed 5452K, reserved 1048576K
}
Event: 16,951 GC heap after
{Heap after GC invocations=17 (full 0):
 garbage-first heap   total 92160K, used 20425K [0x00000000c5a00000, 0x0000000100000000)
  region size 1024K, 6 young (6144K), 6 survivors (6144K)
 Metaspace       used 38699K, capacity 39908K, committed 40188K, reserved 1083392K
  class space    used 4866K, capacity 5358K, committed 5452K, reserved 1048576K
}
Event: 19,051 GC heap before
{Heap before GC invocations=17 (full 0):
 garbage-first heap   total 92160K, used 62409K [0x00000000c5a00000, 0x0000000100000000)
  region size 1024K, 47 young (48128K), 6 survivors (6144K)
 Metaspace       used 44053K, capacity 45325K, committed 45692K, reserved 1089536K
  class space    used 5528K, capacity 6030K, committed 6092K, reserved 1048576K
}
Event: 19,069 GC heap after
{Heap after GC invocations=18 (full 0):
 garbage-first heap   total 92160K, used 22224K [0x00000000c5a00000, 0x0000000100000000)
  region size 1024K, 5 young (5120K), 5 survivors (5120K)
 Metaspace       used 44053K, capacity 45325K, committed 45692K, reserved 1089536K
  class space    used 5528K, capacity 6030K, committed 6092K, reserved 1048576K
}

