# JRE version: OpenJDK Runtime Environment (11.0.13+8) (build 11.0.13+8-Ubuntu-0ubuntu1.20.04)
# Java VM: OpenJDK 64-Bit Server VM (11.0.13+8-Ubuntu-0ubuntu1.20.04, mixed mode, sharing, tiered, compressed oops, g1 gc, linux-amd64)
Heap:
 garbage-first heap   total 92160K, used 55112K [0x00000000c5a00000, 0x0000000100000000)
  region size 1024K, 29 young (29696K), 5 survivors (5120K)
 Metaspace       used 69689K, capacity 71565K, committed 71756K, reserved 1112064K
  class space    used 8982K, capacity 9715K, committed 9804K, reserved 1048576K
GC Heap History (20 events):
Event: 15,880 GC heap before
{Heap before GC invocations=15 (full 0):
 garbage-first heap   total 76800K, used 47250K [0x00000000c5a00000, 0x0000000100000000)
  region size 1024K, 34 young (34816K), 4 survivors (4096K)
 Metaspace       used 34580K, capacity 35720K, committed 35840K, reserved 1081344K
  class space    used 4291K, capacity 4732K, committed 4736K, reserved 1048576K
}
Event: 15,898 GC heap after
{Heap after GC invocations=16 (full 0):
 garbage-first heap   total 76800K, used 18451K [0x00000000c5a00000, 0x0000000100000000)
  region size 1024K, 3 young (3072K), 3 survivors (3072K)
 Metaspace       used 34580K, capacity 35720K, committed 35840K, reserved 1081344K
  class space    used 4291K, capacity 4732K, committed 4736K, reserved 1048576K
}
Event: 16,993 GC heap before
{Heap before GC invocations=17 (full 0):
 garbage-first heap   total 76800K, used 58387K [0x00000000c5a00000, 0x0000000100000000)
  region size 1024K, 42 young (43008K), 3 survivors (3072K)
 Metaspace       used 38186K, capacity 39406K, committed 39756K, reserved 1083392K
  class space    used 4937K, capacity 5427K, committed 5452K, reserved 1048576K
}
Event: 17,008 GC heap after
{Heap after GC invocations=18 (full 0):
 garbage-first heap   total 92160K, used 19089K [0x00000000c5a00000, 0x0000000100000000)
  region size 1024K, 4 young (4096K), 4 survivors (4096K)
 Metaspace       used 38186K, capacity 39406K, committed 39756K, reserved 1083392K
  class space    used 4937K, capacity 5427K, committed 5452K, reserved 1048576K
}
Event: 24,311 GC heap before
{Heap before GC invocations=19 (full 0):
 garbage-first heap   total 92160K, used 64145K [0x00000000c5a00000, 0x0000000100000000)
  region size 1024K, 48 young (49152K), 4 survivors (4096K)
 Metaspace       used 44535K, capacity 45799K, committed 46156K, reserved 1089536K
  class space    used 5684K, capacity 6164K, committed 6220K, reserved 1048576K
}
Event: 24,327 GC heap after
{Heap after GC invocations=20 (full 0):
 garbage-first heap   total 92160K, used 22201K [0x00000000c5a00000, 0x0000000100000000)
  region size 1024K, 6 young (6144K), 6 survivors (6144K)
 Metaspace       used 44535K, capacity 45799K, committed 46156K, reserved 1089536K
  class space    used 5684K, capacity 6164K, committed 6220K, reserved 1048576K
}
Event: 26,347 GC heap before
{Heap before GC invocations=20 (full 0):
 garbage-first heap   total 92160K, used 71353K [0x00000000c5a00000, 0x0000000100000000)
  region size 1024K, 54 young (55296K), 6 survivors (6144K)
 Metaspace       used 48418K, capacity 49715K, committed 50252K, reserved 1093632K
  class space    used 6165K, capacity 6657K, committed 6732K, reserved 1048576K
}
Event: 26,370 GC heap after
{Heap after GC invocations=21 (full 0):
 garbage-first heap   total 92160K, used 23946K [0x00000000c5a00000, 0x0000000100000000)
  region size 1024K, 5 young (5120K), 5 survivors (5120K)
 Metaspace       used 48418K, capacity 49715K, committed 50252K, reserved 1093632K
  class space    used 6165K, capacity 6657K, committed 6732K, reserved 1048576K
}
Event: 27,421 GC heap before
{Heap before GC invocations=21 (full 0):
 garbage-first heap   total 92160K, used 72074K [0x00000000c5a00000, 0x0000000100000000)
  region size 1024K, 52 young (53248K), 5 survivors (5120K)
 Metaspace       used 52604K, capacity 53915K, committed 54220K, reserved 1095680K
  class space    used 6817K, capacity 7328K, committed 7372K, reserved 1048576K
}
Event: 27,438 GC heap after
{Heap after GC invocations=22 (full 0):
 garbage-first heap   total 92160K, used 24932K [0x00000000c5a00000, 0x0000000100000000)
  region size 1024K, 3 young (3072K), 3 survivors (3072K)
 Metaspace       used 52604K, capacity 53915K, committed 54220K, reserved 1095680K
  class space    used 6817K, capacity 7328K, committed 7372K, reserved 1048576K
}
Event: 36,767 GC heap before
{Heap before GC invocations=22 (full 0):
 garbage-first heap   total 92160K, used 73060K [0x00000000c5a00000, 0x0000000100000000)
  region size 1024K, 50 young (51200K), 3 survivors (3072K)
 Metaspace       used 56682K, capacity 58097K, committed 58444K, reserved 1099776K
  class space    used 7348K, capacity 7892K, committed 8012K, reserved 1048576K
}
Event: 36,781 GC heap after
{Heap after GC invocations=23 (full 0):
 garbage-first heap   total 92160K, used 25782K [0x00000000c5a00000, 0x0000000100000000)
  region size 1024K, 4 young (4096K), 4 survivors (4096K)
 Metaspace       used 56682K, capacity 58097K, committed 58444K, reserved 1099776K
  class space    used 7348K, capacity 7892K, committed 8012K, reserved 1048576K
}
Event: 41,903 GC heap before
{Heap before GC invocations=23 (full 0):
 garbage-first heap   total 92160K, used 73910K [0x00000000c5a00000, 0x0000000100000000)
  region size 1024K, 51 young (52224K), 4 survivors (4096K)
 Metaspace       used 59338K, capacity 60911K, committed 61132K, reserved 1101824K
  class space    used 7691K, capacity 8332K, committed 8396K, reserved 1048576K
}
Event: 41,914 GC heap after
{Heap after GC invocations=24 (full 0):
 garbage-first heap   total 92160K, used 27334K [0x00000000c5a00000, 0x0000000100000000)
  region size 1024K, 5 young (5120K), 5 survivors (5120K)
 Metaspace       used 59338K, capacity 60911K, committed 61132K, reserved 1101824K
  class space    used 7691K, capacity 8332K, committed 8396K, reserved 1048576K
}
Event: 43,224 GC heap before
{Heap before GC invocations=24 (full 0):
 garbage-first heap   total 92160K, used 74438K [0x00000000c5a00000, 0x0000000100000000)
  region size 1024K, 51 young (52224K), 5 survivors (5120K)
 Metaspace       used 62013K, capacity 63679K, committed 63820K, reserved 1103872K
  class space    used 8062K, capacity 8718K, committed 8780K, reserved 1048576K
}
Event: 43,244 GC heap after
{Heap after GC invocations=25 (full 0):
 garbage-first heap   total 92160K, used 29281K [0x00000000c5a00000, 0x0000000100000000)
  region size 1024K, 6 young (6144K), 6 survivors (6144K)
 Metaspace       used 62013K, capacity 63679K, committed 63820K, reserved 1103872K
  class space    used 8062K, capacity 8718K, committed 8780K, reserved 1048576K
}
Event: 101,072 GC heap before
{Heap before GC invocations=25 (full 0):
 garbage-first heap   total 92160K, used 58977K [0x00000000c5a00000, 0x0000000100000000)
  region size 1024K, 36 young (36864K), 6 survivors (6144K)
 Metaspace       used 64295K, capacity 66032K, committed 66252K, reserved 1105920K
  class space    used 8340K, capacity 9030K, committed 9164K, reserved 1048576K
}
Event: 101,106 GC heap after
{Heap after GC invocations=26 (full 0):
 garbage-first heap   total 92160K, used 30817K [0x00000000c5a00000, 0x0000000100000000)
  region size 1024K, 5 young (5120K), 5 survivors (5120K)
 Metaspace       used 64295K, capacity 66032K, committed 66252K, reserved 1105920K
  class space    used 8340K, capacity 9030K, committed 9164K, reserved 1048576K
}
Event: 133,182 GC heap before
{Heap before GC invocations=27 (full 0):
 garbage-first heap   total 92160K, used 70753K [0x00000000c5a00000, 0x0000000100000000)
  region size 1024K, 45 young (46080K), 5 survivors (5120K)
 Metaspace       used 67662K, capacity 69422K, committed 69708K, reserved 1110016K
  class space    used 8753K, capacity 9449K, committed 9548K, reserved 1048576K
}
Event: 133,197 GC heap after
{Heap after GC invocations=28 (full 0):
 garbage-first heap   total 92160K, used 31560K [0x00000000c5a00000, 0x0000000100000000)
  region size 1024K, 5 young (5120K), 5 survivors (5120K)
 Metaspace       used 67662K, capacity 69422K, committed 69708K, reserved 1110016K
  class space    used 8753K, capacity 9449K, committed 9548K, reserved 1048576K
}

