# JRE version: OpenJDK Runtime Environment (11.0.13+8) (build 11.0.13+8-Ubuntu-0ubuntu1.20.04)
# Java VM: OpenJDK 64-Bit Server VM (11.0.13+8-Ubuntu-0ubuntu1.20.04, mixed mode, sharing, tiered, compressed oops, g1 gc, linux-amd64)
Heap:
 garbage-first heap   total 110592K, used 47891K [0x00000000c5a00000, 0x0000000100000000)
  region size 1024K, 24 young (24576K), 5 survivors (5120K)
 Metaspace       used 66628K, capacity 68480K, committed 68636K, reserved 1107968K
  class space    used 8477K, capacity 9195K, committed 9292K, reserved 1048576K
GC Heap History (20 events):
Event: 14,288 GC heap before
{Heap before GC invocations=14 (full 0):
 garbage-first heap   total 76800K, used 53784K [0x00000000c5a00000, 0x0000000100000000)
  region size 1024K, 43 young (44032K), 5 survivors (5120K)
 Metaspace       used 28904K, capacity 29915K, committed 30080K, reserved 1075200K
  class space    used 3482K, capacity 3888K, committed 3968K, reserved 1048576K
}
Event: 14,302 GC heap after
{Heap after GC invocations=15 (full 0):
 garbage-first heap   total 76800K, used 15976K [0x00000000c5a00000, 0x0000000100000000)
  region size 1024K, 2 young (2048K), 2 survivors (2048K)
 Metaspace       used 28904K, capacity 29915K, committed 30080K, reserved 1075200K
  class space    used 3482K, capacity 3888K, committed 3968K, reserved 1048576K
}
Event: 15,426 GC heap before
{Heap before GC invocations=15 (full 0):
 garbage-first heap   total 76800K, used 56936K [0x00000000c5a00000, 0x0000000100000000)
  region size 1024K, 42 young (43008K), 2 survivors (2048K)
 Metaspace       used 31728K, capacity 32923K, committed 33024K, reserved 1077248K
  class space    used 3848K, capacity 4333K, committed 4352K, reserved 1048576K
}
Event: 15,438 GC heap after
{Heap after GC invocations=16 (full 0):
 garbage-first heap   total 92160K, used 17000K [0x00000000c5a00000, 0x0000000100000000)
  region size 1024K, 3 young (3072K), 3 survivors (3072K)
 Metaspace       used 31728K, capacity 32923K, committed 33024K, reserved 1077248K
  class space    used 3848K, capacity 4333K, committed 4352K, reserved 1048576K
}
Event: 16,435 GC heap before
{Heap before GC invocations=16 (full 0):
 garbage-first heap   total 92160K, used 52840K [0x00000000c5a00000, 0x0000000100000000)
  region size 1024K, 39 young (39936K), 3 survivors (3072K)
 Metaspace       used 34844K, capacity 35993K, committed 36048K, reserved 1081344K
  class space    used 4402K, capacity 4863K, committed 4864K, reserved 1048576K
}
Event: 16,450 GC heap after
{Heap after GC invocations=17 (full 0):
 garbage-first heap   total 92160K, used 17552K [0x00000000c5a00000, 0x0000000100000000)
  region size 1024K, 4 young (4096K), 4 survivors (4096K)
 Metaspace       used 34844K, capacity 35993K, committed 36048K, reserved 1081344K
  class space    used 4402K, capacity 4863K, committed 4864K, reserved 1048576K
}
Event: 18,045 GC heap before
{Heap before GC invocations=18 (full 0):
 garbage-first heap   total 92160K, used 61584K [0x00000000c5a00000, 0x0000000100000000)
  region size 1024K, 47 young (48128K), 4 survivors (4096K)
 Metaspace       used 40167K, capacity 41409K, committed 41628K, reserved 1085440K
  class space    used 5032K, capacity 5532K, committed 5580K, reserved 1048576K
}
Event: 18,067 GC heap after
{Heap after GC invocations=19 (full 0):
 garbage-first heap   total 92160K, used 20914K [0x00000000c5a00000, 0x0000000100000000)
  region size 1024K, 6 young (6144K), 6 survivors (6144K)
 Metaspace       used 40167K, capacity 41409K, committed 41628K, reserved 1085440K
  class space    used 5032K, capacity 5532K, committed 5580K, reserved 1048576K
}
Event: 21,054 GC heap before
{Heap before GC invocations=20 (full 0):
 garbage-first heap   total 92160K, used 65970K [0x00000000c5a00000, 0x0000000100000000)
  region size 1024K, 50 young (51200K), 6 survivors (6144K)
 Metaspace       used 44671K, capacity 45965K, committed 46364K, reserved 1089536K
  class space    used 5628K, capacity 6130K, committed 6220K, reserved 1048576K
}
Event: 21,076 GC heap after
{Heap after GC invocations=21 (full 0):
 garbage-first heap   total 92160K, used 22521K [0x00000000c5a00000, 0x0000000100000000)
  region size 1024K, 5 young (5120K), 5 survivors (5120K)
 Metaspace       used 44671K, capacity 45965K, committed 46364K, reserved 1089536K
  class space    used 5628K, capacity 6130K, committed 6220K, reserved 1048576K
}
Event: 21,978 GC heap before
{Heap before GC invocations=21 (full 0):
 garbage-first heap   total 92160K, used 68601K [0x00000000c5a00000, 0x0000000100000000)
  region size 1024K, 50 young (51200K), 5 survivors (5120K)
 Metaspace       used 49038K, capacity 50324K, committed 50844K, reserved 1093632K
  class space    used 6262K, capacity 6750K, committed 6860K, reserved 1048576K
}
Event: 21,995 GC heap after
{Heap after GC invocations=22 (full 0):
 garbage-first heap   total 110592K, used 22884K [0x00000000c5a00000, 0x0000000100000000)
  region size 1024K, 2 young (2048K), 2 survivors (2048K)
 Metaspace       used 49038K, capacity 50324K, committed 50844K, reserved 1093632K
  class space    used 6262K, capacity 6750K, committed 6860K, reserved 1048576K
}
Event: 32,157 GC heap before
{Heap before GC invocations=22 (full 0):
 garbage-first heap   total 110592K, used 77156K [0x00000000c5a00000, 0x0000000100000000)
  region size 1024K, 55 young (56320K), 2 survivors (2048K)
 Metaspace       used 53475K, capacity 54791K, committed 55324K, reserved 1097728K
  class space    used 6846K, capacity 7384K, committed 7500K, reserved 1048576K
}
Event: 32,169 GC heap after
{Heap after GC invocations=23 (full 0):
 garbage-first heap   total 110592K, used 24669K [0x00000000c5a00000, 0x0000000100000000)
  region size 1024K, 4 young (4096K), 4 survivors (4096K)
 Metaspace       used 53475K, capacity 54791K, committed 55324K, reserved 1097728K
  class space    used 6846K, capacity 7384K, committed 7500K, reserved 1048576K
}
Event: 33,664 GC heap before
{Heap before GC invocations=23 (full 0):
 garbage-first heap   total 110592K, used 80989K [0x00000000c5a00000, 0x0000000100000000)
  region size 1024K, 59 young (60416K), 4 survivors (4096K)
 Metaspace       used 56756K, capacity 58320K, committed 58652K, reserved 1099776K
  class space    used 7287K, capacity 7891K, committed 8012K, reserved 1048576K
}
Event: 33,679 GC heap after
{Heap after GC invocations=24 (full 0):
 garbage-first heap   total 110592K, used 26277K [0x00000000c5a00000, 0x0000000100000000)
  region size 1024K, 6 young (6144K), 6 survivors (6144K)
 Metaspace       used 56756K, capacity 58320K, committed 58652K, reserved 1099776K
  class space    used 7287K, capacity 7891K, committed 8012K, reserved 1048576K
}
Event: 37,860 GC heap before
{Heap before GC invocations=24 (full 0):
 garbage-first heap   total 110592K, used 82597K [0x00000000c5a00000, 0x0000000100000000)
  region size 1024K, 61 young (62464K), 6 survivors (6144K)
 Metaspace       used 59979K, capacity 61679K, committed 61980K, reserved 1103872K
  class space    used 7723K, capacity 8387K, committed 8524K, reserved 1048576K
}
Event: 37,877 GC heap after
{Heap after GC invocations=25 (full 0):
 garbage-first heap   total 110592K, used 28410K [0x00000000c5a00000, 0x0000000100000000)
  region size 1024K, 7 young (7168K), 7 survivors (7168K)
 Metaspace       used 59979K, capacity 61679K, committed 61980K, reserved 1103872K
  class space    used 7723K, capacity 8387K, committed 8524K, reserved 1048576K
}
Event: 235,546 GC heap before
{Heap before GC invocations=25 (full 0):
 garbage-first heap   total 110592K, used 84730K [0x00000000c5a00000, 0x0000000100000000)
  region size 1024K, 62 young (63488K), 7 survivors (7168K)
 Metaspace       used 65201K, capacity 66922K, committed 67100K, reserved 1107968K
  class space    used 8318K, capacity 8995K, committed 9036K, reserved 1048576K
}
Event: 235,568 GC heap after
{Heap after GC invocations=26 (full 0):
 garbage-first heap   total 110592K, used 29459K [0x00000000c5a00000, 0x0000000100000000)
  region size 1024K, 5 young (5120K), 5 survivors (5120K)
 Metaspace       used 65201K, capacity 66922K, committed 67100K, reserved 1107968K
  class space    used 8318K, capacity 8995K, committed 9036K, reserved 1048576K
}

