# JRE version: OpenJDK Runtime Environment (11.0.13+8) (build 11.0.13+8-Ubuntu-0ubuntu1.20.04)
# Java VM: OpenJDK 64-Bit Server VM (11.0.13+8-Ubuntu-0ubuntu1.20.04, mixed mode, sharing, tiered, compressed oops, g1 gc, linux-amd64)
Heap:
 garbage-first heap   total 76800K, used 37960K [0x00000000c5a00000, 0x0000000100000000)
  region size 1024K, 7 young (7168K), 1 survivors (1024K)
 Metaspace       used 68812K, capacity 70693K, committed 70784K, reserved 1110016K
  class space    used 8831K, capacity 9544K, committed 9600K, reserved 1048576K
GC Heap History (20 events):
Event: 3643,357 GC heap before
{Heap before GC invocations=36 (full 0):
 garbage-first heap   total 76800K, used 34113K [0x00000000c5a00000, 0x0000000100000000)
  region size 1024K, 3 young (3072K), 1 survivors (1024K)
 Metaspace       used 68532K, capacity 70302K, committed 70528K, reserved 1110016K
  class space    used 8831K, capacity 9544K, committed 9600K, reserved 1048576K
}
Event: 3643,359 GC heap after
{Heap after GC invocations=37 (full 0):
 garbage-first heap   total 76800K, used 32150K [0x00000000c5a00000, 0x0000000100000000)
  region size 1024K, 1 young (1024K), 1 survivors (1024K)
 Metaspace       used 68532K, capacity 70302K, committed 70528K, reserved 1110016K
  class space    used 8831K, capacity 9544K, committed 9600K, reserved 1048576K
}
Event: 3660,589 GC heap before
{Heap before GC invocations=37 (full 0):
 garbage-first heap   total 76800K, used 34198K [0x00000000c5a00000, 0x0000000100000000)
  region size 1024K, 3 young (3072K), 1 survivors (1024K)
 Metaspace       used 68560K, capacity 70366K, committed 70528K, reserved 1110016K
  class space    used 8831K, capacity 9544K, committed 9600K, reserved 1048576K
}
Event: 3660,592 GC heap after
{Heap after GC invocations=38 (full 0):
 garbage-first heap   total 76800K, used 32217K [0x00000000c5a00000, 0x0000000100000000)
  region size 1024K, 1 young (1024K), 1 survivors (1024K)
 Metaspace       used 68560K, capacity 70366K, committed 70528K, reserved 1110016K
  class space    used 8831K, capacity 9544K, committed 9600K, reserved 1048576K
}
Event: 3671,681 GC heap before
{Heap before GC invocations=38 (full 0):
 garbage-first heap   total 76800K, used 34265K [0x00000000c5a00000, 0x0000000100000000)
  region size 1024K, 3 young (3072K), 1 survivors (1024K)
 Metaspace       used 68577K, capacity 70430K, committed 70528K, reserved 1110016K
  class space    used 8831K, capacity 9544K, committed 9600K, reserved 1048576K
}
Event: 3671,683 GC heap after
{Heap after GC invocations=39 (full 0):
 garbage-first heap   total 76800K, used 32280K [0x00000000c5a00000, 0x0000000100000000)
  region size 1024K, 1 young (1024K), 1 survivors (1024K)
 Metaspace       used 68577K, capacity 70430K, committed 70528K, reserved 1110016K
  class space    used 8831K, capacity 9544K, committed 9600K, reserved 1048576K
}
Event: 3673,124 GC heap before
{Heap before GC invocations=39 (full 0):
 garbage-first heap   total 76800K, used 34328K [0x00000000c5a00000, 0x0000000100000000)
  region size 1024K, 3 young (3072K), 1 survivors (1024K)
 Metaspace       used 68587K, capacity 70430K, committed 70528K, reserved 1110016K
  class space    used 8831K, capacity 9544K, committed 9600K, reserved 1048576K
}
Event: 3673,127 GC heap after
{Heap after GC invocations=40 (full 0):
 garbage-first heap   total 76800K, used 32383K [0x00000000c5a00000, 0x0000000100000000)
  region size 1024K, 1 young (1024K), 1 survivors (1024K)
 Metaspace       used 68587K, capacity 70430K, committed 70528K, reserved 1110016K
  class space    used 8831K, capacity 9544K, committed 9600K, reserved 1048576K
}
Event: 5391,991 GC heap before
{Heap before GC invocations=40 (full 0):
 garbage-first heap   total 76800K, used 34431K [0x00000000c5a00000, 0x0000000100000000)
  region size 1024K, 3 young (3072K), 1 survivors (1024K)
 Metaspace       used 68617K, capacity 70432K, committed 70528K, reserved 1110016K
  class space    used 8831K, capacity 9544K, committed 9600K, reserved 1048576K
}
Event: 5391,995 GC heap after
{Heap after GC invocations=41 (full 0):
 garbage-first heap   total 76800K, used 32418K [0x00000000c5a00000, 0x0000000100000000)
  region size 1024K, 1 young (1024K), 1 survivors (1024K)
 Metaspace       used 68617K, capacity 70432K, committed 70528K, reserved 1110016K
  class space    used 8831K, capacity 9544K, committed 9600K, reserved 1048576K
}
Event: 5407,909 GC heap before
{Heap before GC invocations=41 (full 0):
 garbage-first heap   total 76800K, used 34466K [0x00000000c5a00000, 0x0000000100000000)
  region size 1024K, 3 young (3072K), 1 survivors (1024K)
 Metaspace       used 68624K, capacity 70432K, committed 70528K, reserved 1110016K
  class space    used 8831K, capacity 9544K, committed 9600K, reserved 1048576K
}
Event: 5407,916 GC heap after
{Heap after GC invocations=42 (full 0):
 garbage-first heap   total 76800K, used 32409K [0x00000000c5a00000, 0x0000000100000000)
  region size 1024K, 1 young (1024K), 1 survivors (1024K)
 Metaspace       used 68624K, capacity 70432K, committed 70528K, reserved 1110016K
  class space    used 8831K, capacity 9544K, committed 9600K, reserved 1048576K
}
Event: 5419,131 GC heap before
{Heap before GC invocations=42 (full 0):
 garbage-first heap   total 76800K, used 34457K [0x00000000c5a00000, 0x0000000100000000)
  region size 1024K, 3 young (3072K), 1 survivors (1024K)
 Metaspace       used 68643K, capacity 70432K, committed 70528K, reserved 1110016K
  class space    used 8831K, capacity 9544K, committed 9600K, reserved 1048576K
}
Event: 5419,136 GC heap after
{Heap after GC invocations=43 (full 0):
 garbage-first heap   total 76800K, used 32463K [0x00000000c5a00000, 0x0000000100000000)
  region size 1024K, 1 young (1024K), 1 survivors (1024K)
 Metaspace       used 68643K, capacity 70432K, committed 70528K, reserved 1110016K
  class space    used 8831K, capacity 9544K, committed 9600K, reserved 1048576K
}
Event: 5435,933 GC heap before
{Heap before GC invocations=43 (full 0):
 garbage-first heap   total 76800K, used 37583K [0x00000000c5a00000, 0x0000000100000000)
  region size 1024K, 6 young (6144K), 1 survivors (1024K)
 Metaspace       used 68660K, capacity 70432K, committed 70528K, reserved 1110016K
  class space    used 8831K, capacity 9544K, committed 9600K, reserved 1048576K
}
Event: 5435,948 GC heap after
{Heap after GC invocations=44 (full 0):
 garbage-first heap   total 76800K, used 32577K [0x00000000c5a00000, 0x0000000100000000)
  region size 1024K, 1 young (1024K), 1 survivors (1024K)
 Metaspace       used 68660K, capacity 70432K, committed 70528K, reserved 1110016K
  class space    used 8831K, capacity 9544K, committed 9600K, reserved 1048576K
}
Event: 7185,072 GC heap before
{Heap before GC invocations=44 (full 0):
 garbage-first heap   total 76800K, used 40769K [0x00000000c5a00000, 0x0000000100000000)
  region size 1024K, 9 young (9216K), 1 survivors (1024K)
 Metaspace       used 68705K, capacity 70496K, committed 70784K, reserved 1110016K
  class space    used 8831K, capacity 9544K, committed 9600K, reserved 1048576K
}
Event: 7185,088 GC heap after
{Heap after GC invocations=45 (full 0):
 garbage-first heap   total 76800K, used 32706K [0x00000000c5a00000, 0x0000000100000000)
  region size 1024K, 1 young (1024K), 1 survivors (1024K)
 Metaspace       used 68705K, capacity 70496K, committed 70784K, reserved 1110016K
  class space    used 8831K, capacity 9544K, committed 9600K, reserved 1048576K
}
Event: 8980,659 GC heap before
{Heap before GC invocations=45 (full 0):
 garbage-first heap   total 76800K, used 47042K [0x00000000c5a00000, 0x0000000100000000)
  region size 1024K, 15 young (15360K), 1 survivors (1024K)
 Metaspace       used 68772K, capacity 70629K, committed 70784K, reserved 1110016K
  class space    used 8831K, capacity 9544K, committed 9600K, reserved 1048576K
}
Event: 8980,677 GC heap after
{Heap after GC invocations=46 (full 0):
 garbage-first heap   total 76800K, used 32840K [0x00000000c5a00000, 0x0000000100000000)
  region size 1024K, 1 young (1024K), 1 survivors (1024K)
 Metaspace       used 68772K, capacity 70629K, committed 70784K, reserved 1110016K
  class space    used 8831K, capacity 9544K, committed 9600K, reserved 1048576K
}

