# JRE version: OpenJDK Runtime Environment (11.0.13+8) (build 11.0.13+8-Ubuntu-0ubuntu1.20.04)
# Java VM: OpenJDK 64-Bit Server VM (11.0.13+8-Ubuntu-0ubuntu1.20.04, mixed mode, sharing, tiered, compressed oops, g1 gc, linux-amd64)
Heap:
 garbage-first heap   total 76800K, used 35004K [0x00000000c5a00000, 0x0000000100000000)
  region size 1024K, 8 young (8192K), 3 survivors (3072K)
 Metaspace       used 66585K, capacity 68349K, committed 68608K, reserved 1107968K
  class space    used 8643K, capacity 9349K, committed 9472K, reserved 1048576K
GC Heap History (20 events):
Event: 58,374 GC heap before
{Heap before GC invocations=22 (full 0):
 garbage-first heap   total 76800K, used 54697K [0x00000000c5a00000, 0x0000000100000000)
  region size 1024K, 38 young (38912K), 5 survivors (5120K)
 Metaspace       used 45679K, capacity 46947K, committed 47360K, reserved 1089536K
  class space    used 5817K, capacity 6330K, committed 6400K, reserved 1048576K
}
Event: 58,396 GC heap after
{Heap after GC invocations=23 (full 0):
 garbage-first heap   total 76800K, used 23726K [0x00000000c5a00000, 0x0000000100000000)
  region size 1024K, 2 young (2048K), 2 survivors (2048K)
 Metaspace       used 45679K, capacity 46947K, committed 47360K, reserved 1089536K
  class space    used 5817K, capacity 6330K, committed 6400K, reserved 1048576K
}
Event: 60,144 GC heap before
{Heap before GC invocations=23 (full 0):
 garbage-first heap   total 76800K, used 56494K [0x00000000c5a00000, 0x0000000100000000)
  region size 1024K, 34 young (34816K), 2 survivors (2048K)
 Metaspace       used 48658K, capacity 49880K, committed 50304K, reserved 1093632K
  class space    used 6200K, capacity 6689K, committed 6784K, reserved 1048576K
}
Event: 60,160 GC heap after
{Heap after GC invocations=24 (full 0):
 garbage-first heap   total 76800K, used 23886K [0x00000000c5a00000, 0x0000000100000000)
  region size 1024K, 2 young (2048K), 2 survivors (2048K)
 Metaspace       used 48658K, capacity 49880K, committed 50304K, reserved 1093632K
  class space    used 6200K, capacity 6689K, committed 6784K, reserved 1048576K
}
Event: 62,574 GC heap before
{Heap before GC invocations=24 (full 0):
 garbage-first heap   total 76800K, used 57678K [0x00000000c5a00000, 0x0000000100000000)
  region size 1024K, 35 young (35840K), 2 survivors (2048K)
 Metaspace       used 51623K, capacity 52937K, committed 53376K, reserved 1095680K
  class space    used 6672K, capacity 7195K, committed 7296K, reserved 1048576K
}
Event: 62,586 GC heap after
{Heap after GC invocations=25 (full 0):
 garbage-first heap   total 76800K, used 24284K [0x00000000c5a00000, 0x0000000100000000)
  region size 1024K, 3 young (3072K), 3 survivors (3072K)
 Metaspace       used 51623K, capacity 52937K, committed 53376K, reserved 1095680K
  class space    used 6672K, capacity 7195K, committed 7296K, reserved 1048576K
}
Event: 89,874 GC heap before
{Heap before GC invocations=25 (full 0):
 garbage-first heap   total 76800K, used 58076K [0x00000000c5a00000, 0x0000000100000000)
  region size 1024K, 36 young (36864K), 3 survivors (3072K)
 Metaspace       used 54601K, capacity 55941K, committed 56320K, reserved 1097728K
  class space    used 7096K, capacity 7598K, committed 7680K, reserved 1048576K
}
Event: 89,883 GC heap after
{Heap after GC invocations=26 (full 0):
 garbage-first heap   total 76800K, used 24752K [0x00000000c5a00000, 0x0000000100000000)
  region size 1024K, 3 young (3072K), 3 survivors (3072K)
 Metaspace       used 54601K, capacity 55941K, committed 56320K, reserved 1097728K
  class space    used 7096K, capacity 7598K, committed 7680K, reserved 1048576K
}
Event: 96,410 GC heap before
{Heap before GC invocations=26 (full 0):
 garbage-first heap   total 76800K, used 58544K [0x00000000c5a00000, 0x0000000100000000)
  region size 1024K, 36 young (36864K), 3 survivors (3072K)
 Metaspace       used 57115K, capacity 58555K, committed 58752K, reserved 1099776K
  class space    used 7407K, capacity 7976K, committed 8064K, reserved 1048576K
}
Event: 96,427 GC heap after
{Heap after GC invocations=27 (full 0):
 garbage-first heap   total 76800K, used 26346K [0x00000000c5a00000, 0x0000000100000000)
  region size 1024K, 4 young (4096K), 4 survivors (4096K)
 Metaspace       used 57115K, capacity 58555K, committed 58752K, reserved 1099776K
  class space    used 7407K, capacity 7976K, committed 8064K, reserved 1048576K
}
Event: 97,330 GC heap before
{Heap before GC invocations=27 (full 0):
 garbage-first heap   total 76800K, used 39658K [0x00000000c5a00000, 0x0000000100000000)
  region size 1024K, 18 young (18432K), 4 survivors (4096K)
 Metaspace       used 58279K, capacity 59844K, committed 60160K, reserved 1101824K
  class space    used 7561K, capacity 8192K, committed 8192K, reserved 1048576K
}
Event: 97,357 GC heap after
{Heap after GC invocations=28 (full 0):
 garbage-first heap   total 76800K, used 26601K [0x00000000c5a00000, 0x0000000100000000)
  region size 1024K, 3 young (3072K), 3 survivors (3072K)
 Metaspace       used 58279K, capacity 59844K, committed 60160K, reserved 1101824K
  class space    used 7561K, capacity 8192K, committed 8192K, reserved 1048576K
}
Event: 105,208 GC heap before
{Heap before GC invocations=29 (full 0):
 garbage-first heap   total 76800K, used 60393K [0x00000000c5a00000, 0x0000000100000000)
  region size 1024K, 36 young (36864K), 3 survivors (3072K)
 Metaspace       used 59486K, capacity 61099K, committed 61440K, reserved 1101824K
  class space    used 7747K, capacity 8372K, committed 8448K, reserved 1048576K
}
Event: 105,223 GC heap after
{Heap after GC invocations=30 (full 0):
 garbage-first heap   total 76800K, used 27827K [0x00000000c5a00000, 0x0000000100000000)
  region size 1024K, 4 young (4096K), 4 survivors (4096K)
 Metaspace       used 59486K, capacity 61099K, committed 61440K, reserved 1101824K
  class space    used 7747K, capacity 8372K, committed 8448K, reserved 1048576K
}
Event: 109,392 GC heap before
{Heap before GC invocations=30 (full 0):
 garbage-first heap   total 76800K, used 60595K [0x00000000c5a00000, 0x0000000100000000)
  region size 1024K, 36 young (36864K), 4 survivors (4096K)
 Metaspace       used 61414K, capacity 63011K, committed 63232K, reserved 1103872K
  class space    used 8004K, capacity 8644K, committed 8704K, reserved 1048576K
}
Event: 109,411 GC heap after
{Heap after GC invocations=31 (full 0):
 garbage-first heap   total 76800K, used 28861K [0x00000000c5a00000, 0x0000000100000000)
  region size 1024K, 3 young (3072K), 3 survivors (3072K)
 Metaspace       used 61414K, capacity 63011K, committed 63232K, reserved 1103872K
  class space    used 8004K, capacity 8644K, committed 8704K, reserved 1048576K
}
Event: 264,754 GC heap before
{Heap before GC invocations=31 (full 0):
 garbage-first heap   total 76800K, used 61629K [0x00000000c5a00000, 0x0000000100000000)
  region size 1024K, 35 young (35840K), 3 survivors (3072K)
 Metaspace       used 63364K, capacity 65125K, committed 65408K, reserved 1105920K
  class space    used 8262K, capacity 8962K, committed 9088K, reserved 1048576K
}
Event: 264,779 GC heap after
{Heap after GC invocations=32 (full 0):
 garbage-first heap   total 76800K, used 30417K [0x00000000c5a00000, 0x0000000100000000)
  region size 1024K, 5 young (5120K), 5 survivors (5120K)
 Metaspace       used 63364K, capacity 65125K, committed 65408K, reserved 1105920K
  class space    used 8262K, capacity 8962K, committed 9088K, reserved 1048576K
}
Event: 272,121 GC heap before
{Heap before GC invocations=32 (full 0):
 garbage-first heap   total 76800K, used 60113K [0x00000000c5a00000, 0x0000000100000000)
  region size 1024K, 35 young (35840K), 5 survivors (5120K)
 Metaspace       used 66159K, capacity 67987K, committed 68224K, reserved 1107968K
  class space    used 8600K, capacity 9314K, committed 9344K, reserved 1048576K
}
Event: 272,137 GC heap after
{Heap after GC invocations=33 (full 0):
 garbage-first heap   total 76800K, used 30908K [0x00000000c5a00000, 0x0000000100000000)
  region size 1024K, 3 young (3072K), 3 survivors (3072K)
 Metaspace       used 66159K, capacity 67987K, committed 68224K, reserved 1107968K
  class space    used 8600K, capacity 9314K, committed 9344K, reserved 1048576K
}

