# JRE version: OpenJDK Runtime Environment (11.0.13+8) (build 11.0.13+8-Ubuntu-0ubuntu1.20.04)
# Java VM: OpenJDK 64-Bit Server VM (11.0.13+8-Ubuntu-0ubuntu1.20.04, mixed mode, sharing, tiered, compressed oops, g1 gc, linux-amd64)
Heap:
 garbage-first heap   total 63488K, used 29359K [0x00000000c5a00000, 0x0000000100000000)
  region size 1024K, 2 young (2048K), 1 survivors (1024K)
 Metaspace       used 66076K, capacity 67709K, committed 68304K, reserved 1107968K
  class space    used 8394K, capacity 9035K, committed 9216K, reserved 1048576K
GC Heap History (20 events):
Event: 127,404 GC heap before
{Heap before GC invocations=28 (full 0):
 garbage-first heap   total 63488K, used 48005K [0x00000000c5a00000, 0x0000000100000000)
  region size 1024K, 26 young (26624K), 3 survivors (3072K)
 Metaspace       used 58770K, capacity 60417K, committed 60508K, reserved 1101824K
  class space    used 7554K, capacity 8167K, committed 8192K, reserved 1048576K
}
Event: 127,437 GC heap after
{Heap after GC invocations=29 (full 0):
 garbage-first heap   total 63488K, used 27541K [0x00000000c5a00000, 0x0000000100000000)
  region size 1024K, 3 young (3072K), 3 survivors (3072K)
 Metaspace       used 58770K, capacity 60417K, committed 60508K, reserved 1101824K
  class space    used 7554K, capacity 8167K, committed 8192K, reserved 1048576K
}
Event: 131,524 GC heap before
{Heap before GC invocations=30 (full 0):
 garbage-first heap   total 63488K, used 51093K [0x00000000c5a00000, 0x0000000100000000)
  region size 1024K, 27 young (27648K), 3 survivors (3072K)
 Metaspace       used 59891K, capacity 61539K, committed 61904K, reserved 1103872K
  class space    used 7740K, capacity 8388K, committed 8448K, reserved 1048576K
}
Event: 131,539 GC heap after
{Heap after GC invocations=31 (full 0):
 garbage-first heap   total 63488K, used 28644K [0x00000000c5a00000, 0x0000000100000000)
  region size 1024K, 3 young (3072K), 3 survivors (3072K)
 Metaspace       used 59891K, capacity 61539K, committed 61904K, reserved 1103872K
  class space    used 7740K, capacity 8388K, committed 8448K, reserved 1048576K
}
Event: 412,209 GC heap before
{Heap before GC invocations=31 (full 0):
 garbage-first heap   total 63488K, used 51172K [0x00000000c5a00000, 0x0000000100000000)
  region size 1024K, 26 young (26624K), 3 survivors (3072K)
 Metaspace       used 62161K, capacity 63923K, committed 64208K, reserved 1105920K
  class space    used 7992K, capacity 8687K, committed 8704K, reserved 1048576K
}
Event: 412,253 GC heap after
{Heap after GC invocations=32 (full 0):
 garbage-first heap   total 63488K, used 29540K [0x00000000c5a00000, 0x0000000100000000)
  region size 1024K, 3 young (3072K), 3 survivors (3072K)
 Metaspace       used 62161K, capacity 63923K, committed 64208K, reserved 1105920K
  class space    used 7992K, capacity 8687K, committed 8704K, reserved 1048576K
}
Event: 465,394 GC heap before
{Heap before GC invocations=32 (full 0):
 garbage-first heap   total 63488K, used 51044K [0x00000000c5a00000, 0x0000000100000000)
  region size 1024K, 25 young (25600K), 3 survivors (3072K)
 Metaspace       used 64258K, capacity 66011K, committed 66256K, reserved 1105920K
  class space    used 8243K, capacity 8932K, committed 8960K, reserved 1048576K
}
Event: 465,437 GC heap after
{Heap after GC invocations=33 (full 0):
 garbage-first heap   total 63488K, used 30067K [0x00000000c5a00000, 0x0000000100000000)
  region size 1024K, 2 young (2048K), 2 survivors (2048K)
 Metaspace       used 64258K, capacity 66011K, committed 66256K, reserved 1105920K
  class space    used 8243K, capacity 8932K, committed 8960K, reserved 1048576K
}
Event: 465,884 GC heap before
{Heap before GC invocations=34 (full 0):
 garbage-first heap   total 63488K, used 40307K [0x00000000c5a00000, 0x0000000100000000)
  region size 1024K, 13 young (13312K), 2 survivors (2048K)
 Metaspace       used 65228K, capacity 66946K, committed 67152K, reserved 1107968K
  class space    used 8349K, capacity 9030K, committed 9088K, reserved 1048576K
}
Event: 465,893 GC heap after
{Heap after GC invocations=35 (full 0):
 garbage-first heap   total 63488K, used 30153K [0x00000000c5a00000, 0x0000000100000000)
  region size 1024K, 1 young (1024K), 1 survivors (1024K)
 Metaspace       used 65228K, capacity 66946K, committed 67152K, reserved 1107968K
  class space    used 8349K, capacity 9030K, committed 9088K, reserved 1048576K
}
Event: 1846,858 GC heap before
{Heap before GC invocations=35 (full 0):
 garbage-first heap   total 63488K, used 47561K [0x00000000c5a00000, 0x0000000100000000)
  region size 1024K, 19 young (19456K), 1 survivors (1024K)
 Metaspace       used 66214K, capacity 68017K, committed 68304K, reserved 1107968K
  class space    used 8461K, capacity 9165K, committed 9216K, reserved 1048576K
}
Event: 1847,028 GC heap after
{Heap after GC invocations=36 (full 0):
 garbage-first heap   total 63488K, used 30860K [0x00000000c5a00000, 0x0000000100000000)
  region size 1024K, 2 young (2048K), 2 survivors (2048K)
 Metaspace       used 66214K, capacity 68017K, committed 68304K, reserved 1107968K
  class space    used 8461K, capacity 9165K, committed 9216K, reserved 1048576K
}
Event: 1859,631 GC heap before
{Heap before GC invocations=37 (full 0):
 garbage-first heap   total 63488K, used 32908K [0x00000000c5a00000, 0x0000000100000000)
  region size 1024K, 4 young (4096K), 2 survivors (2048K)
 Metaspace       used 65975K, capacity 67617K, committed 68304K, reserved 1107968K
  class space    used 8396K, capacity 9041K, committed 9216K, reserved 1048576K
}
Event: 1859,645 GC heap after
{Heap after GC invocations=38 (full 0):
 garbage-first heap   total 63488K, used 31011K [0x00000000c5a00000, 0x0000000100000000)
  region size 1024K, 1 young (1024K), 1 survivors (1024K)
 Metaspace       used 65975K, capacity 67617K, committed 68304K, reserved 1107968K
  class space    used 8396K, capacity 9041K, committed 9216K, reserved 1048576K
}
Event: 1865,007 GC heap before
{Heap before GC invocations=38 (full 0):
 garbage-first heap   total 63488K, used 33059K [0x00000000c5a00000, 0x0000000100000000)
  region size 1024K, 3 young (3072K), 1 survivors (1024K)
 Metaspace       used 65984K, capacity 67617K, committed 68304K, reserved 1107968K
  class space    used 8396K, capacity 9041K, committed 9216K, reserved 1048576K
}
Event: 1865,016 GC heap after
{Heap after GC invocations=39 (full 0):
 garbage-first heap   total 63488K, used 29820K [0x00000000c5a00000, 0x0000000100000000)
  region size 1024K, 1 young (1024K), 1 survivors (1024K)
 Metaspace       used 65984K, capacity 67617K, committed 68304K, reserved 1107968K
  class space    used 8396K, capacity 9041K, committed 9216K, reserved 1048576K
}
Event: 2256,739 GC heap before
{Heap before GC invocations=39 (full 0):
 garbage-first heap   total 63488K, used 31868K [0x00000000c5a00000, 0x0000000100000000)
  region size 1024K, 3 young (3072K), 1 survivors (1024K)
 Metaspace       used 66031K, capacity 67745K, committed 68304K, reserved 1107968K
  class space    used 8396K, capacity 9041K, committed 9216K, reserved 1048576K
}
Event: 2275,063 GC heap after
{Heap after GC invocations=40 (full 0):
 garbage-first heap   total 63488K, used 28972K [0x00000000c5a00000, 0x0000000100000000)
  region size 1024K, 1 young (1024K), 1 survivors (1024K)
 Metaspace       used 66031K, capacity 67745K, committed 68304K, reserved 1107968K
  class space    used 8396K, capacity 9041K, committed 9216K, reserved 1048576K
}
Event: 2327,307 GC heap before
{Heap before GC invocations=40 (full 0):
 garbage-first heap   total 63488K, used 29996K [0x00000000c5a00000, 0x0000000100000000)
  region size 1024K, 3 young (3072K), 1 survivors (1024K)
 Metaspace       used 66059K, capacity 67745K, committed 68304K, reserved 1107968K
  class space    used 8396K, capacity 9041K, committed 9216K, reserved 1048576K
}
Event: 2328,062 GC heap after
{Heap after GC invocations=41 (full 0):
 garbage-first heap   total 63488K, used 29359K [0x00000000c5a00000, 0x0000000100000000)
  region size 1024K, 1 young (1024K), 1 survivors (1024K)
 Metaspace       used 66059K, capacity 67745K, committed 68304K, reserved 1107968K
  class space    used 8396K, capacity 9041K, committed 9216K, reserved 1048576K
}

