# JRE version: OpenJDK Runtime Environment (11.0.13+8) (build 11.0.13+8-Ubuntu-0ubuntu1.20.04)
# Java VM: OpenJDK 64-Bit Server VM (11.0.13+8-Ubuntu-0ubuntu1.20.04, mixed mode, sharing, tiered, compressed oops, g1 gc, linux-amd64)
Heap:
 garbage-first heap   total 110592K, used 55381K [0x00000000c5a00000, 0x0000000100000000)
  region size 1024K, 27 young (27648K), 4 survivors (4096K)
 Metaspace       used 65049K, capacity 66772K, committed 67072K, reserved 1107968K
  class space    used 8270K, capacity 8959K, committed 8960K, reserved 1048576K
GC Heap History (20 events):
Event: 13,056 GC heap before
{Heap before GC invocations=13 (full 0):
 garbage-first heap   total 92160K, used 56210K [0x00000000c5a00000, 0x0000000100000000)
  region size 1024K, 44 young (45056K), 5 survivors (5120K)
 Metaspace       used 34565K, capacity 35705K, committed 35840K, reserved 1081344K
  class space    used 4349K, capacity 4831K, committed 4864K, reserved 1048576K
}
Event: 13,093 GC heap after
{Heap after GC invocations=14 (full 0):
 garbage-first heap   total 92160K, used 17882K [0x00000000c5a00000, 0x0000000100000000)
  region size 1024K, 3 young (3072K), 3 survivors (3072K)
 Metaspace       used 34565K, capacity 35705K, committed 35840K, reserved 1081344K
  class space    used 4349K, capacity 4831K, committed 4864K, reserved 1048576K
}
Event: 14,885 GC heap before
{Heap before GC invocations=15 (full 0):
 garbage-first heap   total 92160K, used 70106K [0x00000000c5a00000, 0x0000000100000000)
  region size 1024K, 54 young (55296K), 3 survivors (3072K)
 Metaspace       used 41895K, capacity 43138K, committed 43520K, reserved 1087488K
  class space    used 5273K, capacity 5767K, committed 5888K, reserved 1048576K
}
Event: 14,911 GC heap after
{Heap after GC invocations=16 (full 0):
 garbage-first heap   total 110592K, used 20954K [0x00000000c5a00000, 0x0000000100000000)
  region size 1024K, 6 young (6144K), 6 survivors (6144K)
 Metaspace       used 41895K, capacity 43138K, committed 43520K, reserved 1087488K
  class space    used 5273K, capacity 5767K, committed 5888K, reserved 1048576K
}
Event: 16,035 GC heap before
{Heap before GC invocations=16 (full 0):
 garbage-first heap   total 110592K, used 77274K [0x00000000c5a00000, 0x0000000100000000)
  region size 1024K, 61 young (62464K), 6 survivors (6144K)
 Metaspace       used 46242K, capacity 47510K, committed 47872K, reserved 1091584K
  class space    used 5825K, capacity 6325K, committed 6400K, reserved 1048576K
}
Event: 16,054 GC heap after
{Heap after GC invocations=17 (full 0):
 garbage-first heap   total 110592K, used 23067K [0x00000000c5a00000, 0x0000000100000000)
  region size 1024K, 6 young (6144K), 6 survivors (6144K)
 Metaspace       used 46242K, capacity 47510K, committed 47872K, reserved 1091584K
  class space    used 5825K, capacity 6325K, committed 6400K, reserved 1048576K
}
Event: 36,683 GC heap before
{Heap before GC invocations=17 (full 0):
 garbage-first heap   total 110592K, used 80411K [0x00000000c5a00000, 0x0000000100000000)
  region size 1024K, 62 young (63488K), 6 survivors (6144K)
 Metaspace       used 51503K, capacity 52772K, committed 53248K, reserved 1095680K
  class space    used 6626K, capacity 7117K, committed 7168K, reserved 1048576K
}
Event: 36,703 GC heap after
{Heap after GC invocations=18 (full 0):
 garbage-first heap   total 110592K, used 24147K [0x00000000c5a00000, 0x0000000100000000)
  region size 1024K, 3 young (3072K), 3 survivors (3072K)
 Metaspace       used 51503K, capacity 52772K, committed 53248K, reserved 1095680K
  class space    used 6626K, capacity 7117K, committed 7168K, reserved 1048576K
}
Event: 37,833 GC heap before
{Heap before GC invocations=18 (full 0):
 garbage-first heap   total 110592K, used 86611K [0x00000000c5a00000, 0x0000000100000000)
  region size 1024K, 64 young (65536K), 3 survivors (3072K)
 Metaspace       used 56018K, capacity 57574K, committed 57856K, reserved 1099776K
  class space    used 7198K, capacity 7816K, committed 7936K, reserved 1048576K
}
Event: 37,856 GC heap after
{Heap after GC invocations=19 (full 0):
 garbage-first heap   total 110592K, used 25900K [0x00000000c5a00000, 0x0000000100000000)
  region size 1024K, 5 young (5120K), 5 survivors (5120K)
 Metaspace       used 56018K, capacity 57574K, committed 57856K, reserved 1099776K
  class space    used 7198K, capacity 7816K, committed 7936K, reserved 1048576K
}
Event: 38,730 GC heap before
{Heap before GC invocations=19 (full 0):
 garbage-first heap   total 110592K, used 76076K [0x00000000c5a00000, 0x0000000100000000)
  region size 1024K, 55 young (56320K), 5 survivors (5120K)
 Metaspace       used 58490K, capacity 60041K, committed 60160K, reserved 1101824K
  class space    used 7525K, capacity 8164K, committed 8192K, reserved 1048576K
}
Event: 38,750 GC heap after
{Heap after GC invocations=20 (full 0):
 garbage-first heap   total 110592K, used 27355K [0x00000000c5a00000, 0x0000000100000000)
  region size 1024K, 5 young (5120K), 5 survivors (5120K)
 Metaspace       used 58490K, capacity 60041K, committed 60160K, reserved 1101824K
  class space    used 7525K, capacity 8164K, committed 8192K, reserved 1048576K
}
Event: 73,003 GC heap before
{Heap before GC invocations=21 (full 0):
 garbage-first heap   total 110592K, used 85723K [0x00000000c5a00000, 0x0000000100000000)
  region size 1024K, 62 young (63488K), 5 survivors (5120K)
 Metaspace       used 62437K, capacity 64219K, committed 64640K, reserved 1105920K
  class space    used 8060K, capacity 8760K, committed 8832K, reserved 1048576K
}
Event: 73,031 GC heap after
{Heap after GC invocations=22 (full 0):
 garbage-first heap   total 110592K, used 29373K [0x00000000c5a00000, 0x0000000100000000)
  region size 1024K, 6 young (6144K), 6 survivors (6144K)
 Metaspace       used 62437K, capacity 64219K, committed 64640K, reserved 1105920K
  class space    used 8060K, capacity 8760K, committed 8832K, reserved 1048576K
}
Event: 5367,154 GC heap before
{Heap before GC invocations=23 (full 0):
 garbage-first heap   total 110592K, used 86717K [0x00000000c5a00000, 0x0000000100000000)
  region size 1024K, 62 young (63488K), 6 survivors (6144K)
 Metaspace       used 64613K, capacity 66445K, committed 66560K, reserved 1107968K
  class space    used 8269K, capacity 8959K, committed 8960K, reserved 1048576K
}
Event: 5367,174 GC heap after
{Heap after GC invocations=24 (full 0):
 garbage-first heap   total 110592K, used 31040K [0x00000000c5a00000, 0x0000000100000000)
  region size 1024K, 6 young (6144K), 6 survivors (6144K)
 Metaspace       used 64613K, capacity 66445K, committed 66560K, reserved 1107968K
  class space    used 8269K, capacity 8959K, committed 8960K, reserved 1048576K
}
Event: 12474,006 GC heap before
{Heap before GC invocations=24 (full 0):
 garbage-first heap   total 110592K, used 88384K [0x00000000c5a00000, 0x0000000100000000)
  region size 1024K, 62 young (63488K), 6 survivors (6144K)
 Metaspace       used 64793K, capacity 66514K, committed 66816K, reserved 1107968K
  class space    used 8269K, capacity 8959K, committed 8960K, reserved 1048576K
}
Event: 12474,035 GC heap after
{Heap after GC invocations=25 (full 0):
 garbage-first heap   total 110592K, used 32094K [0x00000000c5a00000, 0x0000000100000000)
  region size 1024K, 6 young (6144K), 6 survivors (6144K)
 Metaspace       used 64793K, capacity 66514K, committed 66816K, reserved 1107968K
  class space    used 8269K, capacity 8959K, committed 8960K, reserved 1048576K
}
Event: 19571,447 GC heap before
{Heap before GC invocations=25 (full 0):
 garbage-first heap   total 110592K, used 88414K [0x00000000c5a00000, 0x0000000100000000)
  region size 1024K, 61 young (62464K), 6 survivors (6144K)
 Metaspace       used 64955K, capacity 66707K, committed 66816K, reserved 1107968K
  class space    used 8270K, capacity 8959K, committed 8960K, reserved 1048576K
}
Event: 19571,459 GC heap after
{Heap after GC invocations=26 (full 0):
 garbage-first heap   total 110592K, used 32853K [0x00000000c5a00000, 0x0000000100000000)
  region size 1024K, 4 young (4096K), 4 survivors (4096K)
 Metaspace       used 64955K, capacity 66707K, committed 66816K, reserved 1107968K
  class space    used 8270K, capacity 8959K, committed 8960K, reserved 1048576K
}

